Log file open, 03/16/18 12:02:02
LogWindows: Failed to load 'aqProf.dll' (GetLastError=126)
LogWindows: File 'aqProf.dll' does not exist
LogWindows: Failed to load 'VSPerf140.dll' (GetLastError=126)
LogWindows: File 'VSPerf140.dll' does not exist
LogWindows: Failed to load 'VtuneApi.dll' (GetLastError=126)
LogWindows: File 'VtuneApi.dll' does not exist
LogWindows: Failed to load 'VtuneApi32e.dll' (GetLastError=126)
LogWindows: File 'VtuneApi32e.dll' does not exist
LogInit: Display: Running engine for game: MyGame
LogPlatformFile: Not using cached read wrapper
LogInit: Display: RandInit(180161616) SRandInit(180161616).
LogInit: Read version file with build ID '3709383'
LogInit: Overriding engine version to CL 3832480, compatible CL 3709383
LogInit: Registered custom module enumerator with build ID '3709383'
LogTaskGraph: Started task graph with 5 named threads and 14 total threads with 3 sets of task threads.
LogStats: Stats thread started at 0.174373
LogD3D11RHI: Aftermath initialized
LogModuleManager: Display: Found up-to-date module file ../../../Engine/Plugins/2D/Paper2D/Binaries/Win64/UE4Editor-Paper2D.dll (API version 3709383).
LogModuleManager: Display: Found up-to-date module file ../../../Engine/Plugins/2D/Paper2D/Binaries/Win64/UE4Editor-Paper2DEditor.dll (API version 3709383).
LogModuleManager: Display: Found up-to-date module file ../../../Engine/Plugins/2D/Paper2D/Binaries/Win64/UE4Editor-PaperSpriteSheetImporter.dll (API version 3709383).
LogModuleManager: Display: Found up-to-date module file ../../../Engine/Plugins/2D/Paper2D/Binaries/Win64/UE4Editor-PaperTiledImporter.dll (API version 3709383).
LogModuleManager: Display: Found up-to-date module file ../../../Engine/Plugins/2D/Paper2D/Binaries/Win64/UE4Editor-SmartSnapping.dll (API version 3709383).
LogModuleManager: Display: Found up-to-date module file ../../../Engine/Plugins/Blendables/LightPropagationVolume/Binaries/Win64/UE4Editor-LightPropagationVolumeRuntime.dll (API version 3709383).
LogModuleManager: Display: Found up-to-date module file ../../../Engine/Plugins/Blendables/LightPropagationVolume/Binaries/Win64/UE4Editor-LightPropagationVolumeEditor.dll (API version 3709383).
LogModuleManager: Display: Found up-to-date module file ../../../Engine/Plugins/Developer/GitSourceControl/Binaries/Win64/UE4Editor-GitSourceControl.dll (API version 3709383).
LogModuleManager: Display: Found up-to-date module file ../../../Engine/Plugins/Developer/PerforceSourceControl/Binaries/Win64/UE4Editor-PerforceSourceControl.dll (API version 3709383).
LogModuleManager: Display: Found up-to-date module file ../../../Engine/Plugins/Developer/SubversionSourceControl/Binaries/Win64/UE4Editor-SubversionSourceControl.dll (API version 3709383).
LogModuleManager: Display: Found up-to-date module file ../../../Engine/Plugins/Developer/UObjectPlugin/Binaries/Win64/UE4Editor-UObjectPlugin.dll (API version 3709383).
LogModuleManager: Display: Found up-to-date module file ../../../Engine/Plugins/Developer/VisualStudioCodeSourceCodeAccess/Binaries/Win64/UE4Editor-VisualStudioCodeSourceCodeAccess.dll (API version 3709383).
LogModuleManager: Display: Found up-to-date module file ../../../Engine/Plugins/Developer/VisualStudioSourceCodeAccess/Binaries/Win64/UE4Editor-VisualStudioSourceCodeAccess.dll (API version 3709383).
LogModuleManager: Display: Found up-to-date module file ../../../Engine/Plugins/Editor/AssetManagerEditor/Binaries/Win64/UE4Editor-AssetManagerEditor.dll (API version 3709383).
LogModuleManager: Display: Found up-to-date module file ../../../Engine/Plugins/Editor/AudioCapture/Binaries/Win64/UE4Editor-AudioCapture.dll (API version 3709383).
LogModuleManager: Display: Found up-to-date module file ../../../Engine/Plugins/Editor/FacialAnimation/Binaries/Win64/UE4Editor-FacialAnimation.dll (API version 3709383).
LogModuleManager: Display: Found up-to-date module file ../../../Engine/Plugins/Editor/FacialAnimation/Binaries/Win64/UE4Editor-FacialAnimationEditor.dll (API version 3709383).
LogModuleManager: Display: Found up-to-date module file ../../../Engine/Plugins/Editor/GameplayTagsEditor/Binaries/Win64/UE4Editor-GameplayTagsEditor.dll (API version 3709383).
LogModuleManager: Display: Found up-to-date module file ../../../Engine/Plugins/Editor/MobileLauncherProfileWizard/Binaries/Win64/UE4Editor-MobileLauncherProfileWizard.dll (API version 3709383).
LogModuleManager: Display: Found up-to-date module file ../../../Engine/Plugins/Editor/PluginBrowser/Binaries/Win64/UE4Editor-PluginBrowser.dll (API version 3709383).
LogModuleManager: Display: Found up-to-date module file ../../../Engine/Plugins/Editor/SpeedTreeImporter/Binaries/Win64/UE4Editor-SpeedTreeImporter.dll (API version 3709383).
LogModuleManager: Display: Found up-to-date module file ../../../Engine/Plugins/Experimental/AlembicImporter/Binaries/Win64/UE4Editor-AlembicImporter.dll (API version 3709383).
LogModuleManager: Display: Found up-to-date module file ../../../Engine/Plugins/Experimental/AlembicImporter/Binaries/Win64/UE4Editor-AlembicLibrary.dll (API version 3709383).
LogModuleManager: Display: Found up-to-date module file ../../../Engine/Plugins/Experimental/CharacterAI/Binaries/Win64/UE4Editor-CharacterAI.dll (API version 3709383).
LogModuleManager: Display: Found up-to-date module file ../../../Engine/Plugins/Experimental/HTML5Networking/Binaries/Win64/UE4Editor-HTML5Networking.dll (API version 3709383).
LogModuleManager: Display: Found up-to-date module file ../../../Engine/Plugins/Media/AndroidMedia/Binaries/Win64/UE4Editor-AndroidMediaEditor.dll (API version 3709383).
LogModuleManager: Display: Found up-to-date module file ../../../Engine/Plugins/Media/AndroidMedia/Binaries/Win64/UE4Editor-AndroidMediaFactory.dll (API version 3709383).
LogModuleManager: Display: Found up-to-date module file ../../../Engine/Plugins/Media/AvfMedia/Binaries/Win64/UE4Editor-AvfMediaEditor.dll (API version 3709383).
LogModuleManager: Display: Found up-to-date module file ../../../Engine/Plugins/Media/AvfMedia/Binaries/Win64/UE4Editor-AvfMediaFactory.dll (API version 3709383).
LogModuleManager: Display: Found up-to-date module file ../../../Engine/Plugins/Media/AvfMedia/Binaries/Win64/UE4Editor-AvfMediaFactory.dll (API version 3709383).
LogModuleManager: Display: Found up-to-date module file ../../../Engine/Plugins/Media/ImgMedia/Binaries/Win64/UE4Editor-ImgMedia.dll (API version 3709383).
LogModuleManager: Display: Found up-to-date module file ../../../Engine/Plugins/Media/ImgMedia/Binaries/Win64/UE4Editor-ImgMediaEditor.dll (API version 3709383).
LogModuleManager: Display: Found up-to-date module file ../../../Engine/Plugins/Media/ImgMedia/Binaries/Win64/UE4Editor-ImgMediaFactory.dll (API version 3709383).
LogModuleManager: Display: Found up-to-date module file ../../../Engine/Plugins/Media/ImgMedia/Binaries/Win64/UE4Editor-ImgMediaFactory.dll (API version 3709383).
LogModuleManager: Display: Found up-to-date module file ../../../Engine/Plugins/Media/ImgMedia/Binaries/Win64/UE4Editor-OpenExrWrapper.dll (API version 3709383).
LogModuleManager: Display: Found up-to-date module file ../../../Engine/Plugins/Media/MediaCompositing/Binaries/Win64/UE4Editor-MediaCompositing.dll (API version 3709383).
LogModuleManager: Display: Found up-to-date module file ../../../Engine/Plugins/Media/MediaCompositing/Binaries/Win64/UE4Editor-MediaCompositingEditor.dll (API version 3709383).
LogModuleManager: Display: Found up-to-date module file ../../../Engine/Plugins/Media/MediaPlayerEditor/Binaries/Win64/UE4Editor-MediaPlayerEditor.dll (API version 3709383).
LogModuleManager: Display: Found up-to-date module file ../../../Engine/Plugins/Media/WmfMedia/Binaries/Win64/UE4Editor-WmfMedia.dll (API version 3709383).
LogModuleManager: Display: Found up-to-date module file ../../../Engine/Plugins/Media/WmfMedia/Binaries/Win64/UE4Editor-WmfMediaEditor.dll (API version 3709383).
LogModuleManager: Display: Found up-to-date module file ../../../Engine/Plugins/Media/WmfMedia/Binaries/Win64/UE4Editor-WmfMediaFactory.dll (API version 3709383).
LogModuleManager: Display: Found up-to-date module file ../../../Engine/Plugins/Media/WmfMedia/Binaries/Win64/UE4Editor-WmfMediaFactory.dll (API version 3709383).
LogModuleManager: Display: Found up-to-date module file ../../../Engine/Plugins/Messaging/TcpMessaging/Binaries/Win64/UE4Editor-TcpMessaging.dll (API version 3709383).
LogModuleManager: Display: Found up-to-date module file ../../../Engine/Plugins/Messaging/UdpMessaging/Binaries/Win64/UE4Editor-UdpMessaging.dll (API version 3709383).
LogModuleManager: Display: Found up-to-date module file ../../../Engine/Plugins/MovieScene/ActorSequence/Binaries/Win64/UE4Editor-ActorSequence.dll (API version 3709383).
LogModuleManager: Display: Found up-to-date module file ../../../Engine/Plugins/MovieScene/LevelSequenceEditor/Binaries/Win64/UE4Editor-LevelSequenceEditor.dll (API version 3709383).
LogModuleManager: Display: Found up-to-date module file ../../../Engine/Plugins/MovieScene/MatineeToLevelSequence/Binaries/Win64/UE4Editor-MatineeToLevelSequence.dll (API version 3709383).
LogModuleManager: Display: Found up-to-date module file ../../../Engine/Plugins/Online/OnlineSubsystem/Binaries/Win64/UE4Editor-OnlineSubsystem.dll (API version 3709383).
LogModuleManager: Display: Found up-to-date module file ../../../Engine/Plugins/Runtime/AndroidPermission/Binaries/Win64/UE4Editor-AndroidPermission.dll (API version 3709383).
LogModuleManager: Display: Found up-to-date module file ../../../Engine/Plugins/Online/OnlineSubsystemNull/Binaries/Win64/UE4Editor-OnlineSubsystemNull.dll (API version 3709383).
LogModuleManager: Display: Found up-to-date module file ../../../Engine/Plugins/Online/OnlineSubsystemUtils/Binaries/Win64/UE4Editor-OnlineSubsystemUtils.dll (API version 3709383).
LogModuleManager: Display: Found up-to-date module file ../../../Engine/Plugins/Online/OnlineSubsystemUtils/Binaries/Win64/UE4Editor-OnlineBlueprintSupport.dll (API version 3709383).
LogModuleManager: Display: Found up-to-date module file ../../../Engine/Plugins/Runtime/AndroidDeviceProfileSelector/Binaries/Win64/UE4Editor-AndroidDeviceProfileSelector.dll (API version 3709383).
LogModuleManager: Display: Found up-to-date module file ../../../Engine/Plugins/Runtime/AppleARKit/Binaries/Win64/UE4Editor-AppleARKit.dll (API version 3709383).
LogModuleManager: Display: Found up-to-date module file ../../../Engine/Plugins/Runtime/ArchVisCharacter/Binaries/Win64/UE4Editor-ArchVisCharacter.dll (API version 3709383).
LogModuleManager: Display: Found up-to-date module file ../../../Engine/Plugins/Runtime/CableComponent/Binaries/Win64/UE4Editor-CableComponent.dll (API version 3709383).
LogModuleManager: Display: Found up-to-date module file ../../../Engine/Plugins/Runtime/CustomMeshComponent/Binaries/Win64/UE4Editor-CustomMeshComponent.dll (API version 3709383).
LogModuleManager: Display: Found up-to-date module file ../../../Engine/Plugins/Runtime/ExampleDeviceProfileSelector/Binaries/Win64/UE4Editor-ExampleDeviceProfileSelector.dll (API version 3709383).
LogModuleManager: Display: Found up-to-date module file ../../../Engine/Plugins/Runtime/ImmediatePhysics/Binaries/Win64/UE4Editor-ImmediatePhysics.dll (API version 3709383).
LogModuleManager: Display: Found up-to-date module file ../../../Engine/Plugins/Runtime/ImmediatePhysics/Binaries/Win64/UE4Editor-ImmediatePhysicsEditor.dll (API version 3709383).
LogModuleManager: Display: Found up-to-date module file ../../../Engine/Plugins/Runtime/LocationServicesBPLibrary/Binaries/Win64/UE4Editor-LocationServicesBPLibrary.dll (API version 3709383).
LogModuleManager: Display: Found up-to-date module file ../../../Engine/Plugins/Runtime/MobilePatchingUtils/Binaries/Win64/UE4Editor-MobilePatchingUtils.dll (API version 3709383).
LogModuleManager: Display: Found up-to-date module file ../../../Engine/Plugins/Runtime/Oculus/OculusVR/Binaries/Win64/UE4Editor-OculusHMD.dll (API version 3709383).
LogModuleManager: Display: Found up-to-date module file ../../../Engine/Plugins/Runtime/Oculus/OculusVR/Binaries/Win64/UE4Editor-OculusInput.dll (API version 3709383).
LogModuleManager: Display: Found up-to-date module file ../../../Engine/Plugins/Runtime/Oculus/OculusVR/Binaries/Win64/UE4Editor-OculusEditor.dll (API version 3709383).
LogModuleManager: Display: Found up-to-date module file ../../../Engine/Plugins/Runtime/PhysXVehicles/Binaries/Win64/UE4Editor-PhysXVehicles.dll (API version 3709383).
LogModuleManager: Display: Found up-to-date module file ../../../Engine/Plugins/Runtime/PhysXVehicles/Binaries/Win64/UE4Editor-PhysXVehiclesEditor.dll (API version 3709383).
LogModuleManager: Display: Found up-to-date module file ../../../Engine/Plugins/Runtime/ProceduralMeshComponent/Binaries/Win64/UE4Editor-ProceduralMeshComponent.dll (API version 3709383).
LogModuleManager: Display: Found up-to-date module file ../../../Engine/Plugins/Runtime/ProceduralMeshComponent/Binaries/Win64/UE4Editor-ProceduralMeshComponentEditor.dll (API version 3709383).
LogModuleManager: Display: Found up-to-date module file ../../../Engine/Plugins/Runtime/RuntimePhysXCooking/Binaries/Win64/UE4Editor-RuntimePhysXCooking.dll (API version 3709383).
LogModuleManager: Display: Found up-to-date module file ../../../Engine/Plugins/Runtime/Steam/SteamVR/Binaries/Win64/UE4Editor-SteamVR.dll (API version 3709383).
LogModuleManager: Display: Found up-to-date module file ../../../Engine/Plugins/Runtime/Steam/SteamVR/Binaries/Win64/UE4Editor-SteamVRController.dll (API version 3709383).
LogModuleManager: Display: Found up-to-date module file ../../../Engine/Plugins/Runtime/WindowsMoviePlayer/Binaries/Win64/UE4Editor-WindowsMoviePlayer.dll (API version 3709383).
LogPluginManager: Mounting plugin Paper2D
LogPluginManager: Mounting plugin LightPropagationVolume
LogPluginManager: Mounting plugin CodeLiteSourceCodeAccess
LogPluginManager: Mounting plugin GitSourceControl
LogPluginManager: Mounting plugin KDevelopSourceCodeAccess
LogPluginManager: Mounting plugin NullSourceCodeAccess
LogPluginManager: Mounting plugin PerforceSourceControl
LogPluginManager: Mounting plugin SubversionSourceControl
LogPluginManager: Mounting plugin UObjectPlugin
LogPluginManager: Mounting plugin VisualStudioCodeSourceCodeAccess
LogPluginManager: Mounting plugin VisualStudioSourceCodeAccess
LogPluginManager: Mounting plugin XCodeSourceCodeAccess
LogPluginManager: Mounting plugin AssetManagerEditor
LogPluginManager: Mounting plugin AudioCapture
LogPluginManager: Mounting plugin FacialAnimation
LogPluginManager: Mounting plugin GameplayTagsEditor
LogPluginManager: Mounting plugin MobileLauncherProfileWizard
LogPluginManager: Mounting plugin PluginBrowser
LogPluginManager: Mounting plugin SpeedTreeImporter
LogPluginManager: Mounting plugin AlembicImporter
LogPluginManager: Mounting plugin CharacterAI
LogPluginManager: Mounting plugin HTML5Networking
LogPluginManager: Mounting plugin AndroidMedia
LogPluginManager: Mounting plugin AvfMedia
LogPluginManager: Mounting plugin ImgMedia
LogPluginManager: Mounting plugin MediaCompositing
LogPluginManager: Mounting plugin MediaPlayerEditor
LogPluginManager: Mounting plugin WmfMedia
LogPluginManager: Mounting plugin TcpMessaging
LogPluginManager: Mounting plugin UdpMessaging
LogPluginManager: Mounting plugin ActorSequence
LogPluginManager: Mounting plugin LevelSequenceEditor
LogPluginManager: Mounting plugin MatineeToLevelSequence
LogPluginManager: Mounting plugin OnlineSubsystemGooglePlay
LogPluginManager: Mounting plugin OnlineSubsystemIOS
LogPluginManager: Mounting plugin OnlineSubsystem
LogPluginManager: Mounting plugin OnlineSubsystemNull
LogPluginManager: Mounting plugin OnlineSubsystemUtils
LogPluginManager: Mounting plugin AndroidDeviceProfileSelector
LogPluginManager: Mounting plugin AndroidMoviePlayer
LogPluginManager: Mounting plugin AndroidPermission
LogPluginManager: Mounting plugin AppleARKit
LogPluginManager: Mounting plugin AppleMoviePlayer
LogPluginManager: Mounting plugin ArchVisCharacter
LogPluginManager: Mounting plugin CableComponent
LogPluginManager: Mounting plugin CustomMeshComponent
LogPluginManager: Mounting plugin ExampleDeviceProfileSelector
LogPluginManager: Mounting plugin GoogleCloudMessaging
LogPluginManager: Mounting plugin ImmediatePhysics
LogPluginManager: Mounting plugin IOSDeviceProfileSelector
LogPluginManager: Mounting plugin LinuxDeviceProfileSelector
LogPluginManager: Mounting plugin LocationServicesBPLibrary
LogPluginManager: Mounting plugin MobilePatchingUtils
LogPluginManager: Mounting plugin OculusVR
LogPluginManager: Plugin shader directory ../../../Engine/Plugins/Runtime/Oculus/OculusVR/Shaders found
LogPluginManager: Mapping shader source directory ../../../Engine/Plugins/Runtime/Oculus/OculusVR/Shaders to virtual directory /Plugin/OculusVR
LogPluginManager: Mounting plugin PhysXVehicles
LogPluginManager: Mounting plugin ProceduralMeshComponent
LogPluginManager: Mounting plugin RuntimePhysXCooking
LogPluginManager: Mounting plugin SteamVR
LogPluginManager: Mounting plugin WindowsMoviePlayer
LogInit: Using libcurl 7.47.1
LogInit:  - built for x86_64-pc-win32
LogInit:  - supports SSL with OpenSSL/1.0.2g
LogInit:  - supports HTTP deflate (compression) using libz 1.2.8
LogInit:  - other features:
LogInit:      CURL_VERSION_SSL
LogInit:      CURL_VERSION_LIBZ
LogInit:      CURL_VERSION_IPV6
LogInit:      CURL_VERSION_ASYNCHDNS
LogInit:      CURL_VERSION_LARGEFILE
LogInit:      CURL_VERSION_IDN
LogInit:  CurlRequestOptions (configurable via config and command line):
LogInit:  - bVerifyPeer = false  - Libcurl will NOT verify peer certificate
LogInit:  - bUseHttpProxy = false  - Libcurl will NOT use HTTP proxy
LogInit:  - bDontReuseConnections = false  - Libcurl will reuse connections
LogInit:  - CertBundlePath = nullptr  - Libcurl will use whatever was configured at build time.
LogInit: Build: ++UE4+Release-4.18-CL-3832480
LogInit: Engine Version: 4.18.3-3832480+++UE4+Release-4.18
LogInit: Compatible Engine Version: 4.18.0-3709383+++UE4+Release-4.18
LogInit: Net CL: 3709383
LogDevObjectVersion: Number of dev versions registered: 16
LogDevObjectVersion:   Dev-Blueprints (B0D832E4-1F89-4F0D-ACCF-7EB736FD4AA2): 10
LogDevObjectVersion:   Dev-Build (E1C64328-A22C-4D53-A36C-8E866417BD8C): 0
LogDevObjectVersion:   Dev-Core (375EC13C-06E4-48FB-B500-84F0262A717E): 2
LogDevObjectVersion:   Dev-Editor (E4B068ED-F494-42E9-A231-DA0B2E46BB41): 20
LogDevObjectVersion:   Dev-Framework (CFFC743F-43B0-4480-9391-14DF171D2073): 30
LogDevObjectVersion:   Dev-Mobile (B02B49B5-BB20-44E9-A304-32B752E40360): 0
LogDevObjectVersion:   Dev-Networking (A4E4105C-59A1-49B5-A7C5-40C4547EDFEE): 0
LogDevObjectVersion:   Dev-Online (39C831C9-5AE6-47DC-9A44-9C173E1C8E7C): 0
LogDevObjectVersion:   Dev-Physics (78F01B33-EBEA-4F98-B9B4-84EACCB95AA2): 0
LogDevObjectVersion:   Dev-Platform (6631380F-2D4D-43E0-8009-CF276956A95A): 0
LogDevObjectVersion:   Dev-Rendering (12F88B9F-8875-4AFC-A67C-D90C383ABD29): 20
LogDevObjectVersion:   Dev-Sequencer (7B5AE74C-D270-4C10-A958-57980B212A5A): 4
LogDevObjectVersion:   Dev-VR (D7296918-1DD6-4BDD-9DE2-64A83CC13884): 0
LogDevObjectVersion:   Dev-LoadTimes (C2A15278-BFE7-4AFE-6C17-90FF531DF755): 1
LogDevObjectVersion:   Private-Geometry (6EACA3D4-40EC-4CC1-B786-8BED09428FC5): 1
LogDevObjectVersion:   Dev-AnimPhys (29E575DD-E0A3-4627-9D10-D276232CDCEA): 12
LogInit: Compiled (64-bit): Jan 12 2018 02:04:55
LogInit: Compiled with Visual C++: 19.00.24215.01
LogInit: Build Configuration: Development
LogInit: Branch Name: ++UE4+Release-4.18
LogInit: Command line:  
LogInit: Base directory: C:/Program Files/Epic Games/UE_4.18/Engine/Binaries/Win64/
LogInit: Installed Engine Build: 1
LogInit: Presizing for max 8388607 objects, including 0 objects not considered by GC, pre-allocating 0 bytes for permanent pool.
LogInit: Object subsystem initialized
[2018.03.16-16.02.03:521][  0]LogInit: Selected Device Profile: [Windows]
[2018.03.16-16.02.03:521][  0]LogInit: Applying CVar settings loaded from the selected device profile: [Windows]
[2018.03.16-16.02.03:534][  0]LogInit: Computer: DESKTOP-QE3GLGL
[2018.03.16-16.02.03:534][  0]LogInit: User: jonjo
[2018.03.16-16.02.03:534][  0]LogInit: CPU Page size=4096, Cores=4
[2018.03.16-16.02.03:534][  0]LogInit: High frequency timer resolution =2.929689 MHz
[2018.03.16-16.02.03:535][  0]LogMemory: Memory total: Physical=8.0GB (8GB approx)
[2018.03.16-16.02.03:535][  0]LogMemory: Platform Memory Stats for Windows
[2018.03.16-16.02.03:535][  0]LogMemory: Process Physical Memory: 272.93 MB used, 272.93 MB peak
[2018.03.16-16.02.03:535][  0]LogMemory: Process Virtual Memory: 271.79 MB used, 271.79 MB peak
[2018.03.16-16.02.03:535][  0]LogMemory: Physical Memory: 3663.39 MB used,  4493.67 MB free, 8157.05 MB total
[2018.03.16-16.02.03:535][  0]LogMemory: Virtual Memory: 683.39 MB used,  4493.67 MB free, 134217728.00 MB total
[2018.03.16-16.02.03:697][  0]LogInit: Using OS detected language (en-US).
[2018.03.16-16.02.03:697][  0]LogInit: Using OS detected locale (en-US).
[2018.03.16-16.02.03:701][  0]LogTextLocalizationManager: No specific localization for 'en-US' exists, so the 'en' localization will be used.
[2018.03.16-16.02.04:131][  0]LogInit: Setting process to per monitor DPI aware
[2018.03.16-16.02.04:371][  0]LogD3D11RHI: D3D11 adapters:
[2018.03.16-16.02.04:416][  0]LogD3D11RHI:    0. 'NVIDIA GeForce GTX 1060 3GB' (Feature Level 11_0)
[2018.03.16-16.02.04:416][  0]LogD3D11RHI:       2997/0/4078 MB DedicatedVideo/DedicatedSystem/SharedSystem, Outputs:1, VendorId:0x10de
[2018.03.16-16.02.04:419][  0]LogD3D11RHI:    1. 'Microsoft Basic Render Driver' (Feature Level 11_0)
[2018.03.16-16.02.04:419][  0]LogD3D11RHI:       0/0/4078 MB DedicatedVideo/DedicatedSystem/SharedSystem, Outputs:0, VendorId:0x1414
[2018.03.16-16.02.04:419][  0]LogD3D11RHI: Chosen D3D11 Adapter: 0
[2018.03.16-16.02.04:424][  0]LogD3D11RHI: Creating new Direct3DDevice
[2018.03.16-16.02.04:424][  0]LogD3D11RHI:     GPU DeviceId: 0x1c02 (for the marketing name, search the web for "GPU Device Id")
[2018.03.16-16.02.04:424][  0]LogWindows: EnumDisplayDevices:
[2018.03.16-16.02.04:425][  0]LogWindows:    0. 'NVIDIA GeForce GTX 1060 3GB' (P:1 D:1)
[2018.03.16-16.02.04:425][  0]LogWindows:    1. 'NVIDIA GeForce GTX 1060 3GB' (P:0 D:0)
[2018.03.16-16.02.04:425][  0]LogWindows:    2. 'NVIDIA GeForce GTX 1060 3GB' (P:0 D:0)
[2018.03.16-16.02.04:425][  0]LogWindows:    3. 'NVIDIA GeForce GTX 1060 3GB' (P:0 D:0)
[2018.03.16-16.02.04:425][  0]LogWindows: DebugString: GetVideoDriverDetailsInvalid PrimaryIsNotTheChoosenAdapter GetVideoDriverDetailsInvalid PrimaryIsNotTheChoosenAdapter GetVideoDriverDetailsInvalid PrimaryIsNotTheChoosenAdapter GetVideoDriverDetailsInvalid PrimaryIsNotTheChoosenAdapter FoundDriverCount:0 
[2018.03.16-16.02.04:425][  0]LogD3D11RHI:     Adapter Name: NVIDIA GeForce GTX 1060 3GB
[2018.03.16-16.02.04:425][  0]LogD3D11RHI:   Driver Version: Unknown (internal:Unknown, unified:Unknown)
[2018.03.16-16.02.04:425][  0]LogD3D11RHI:      Driver Date: Unknown
[2018.03.16-16.02.04:425][  0]LogRHI: Texture pool is 2097 MB (70% of 2997 MB)
[2018.03.16-16.02.04:450][  0]LogD3D11RHI: Async texture creation enabled
[2018.03.16-16.02.04:460][  0]LogD3D11RHI: GPU Timing Frequency: 1000.000000 (Debug: 2 1)
[2018.03.16-16.02.04:509][  0]LogShaderCompilers: Guid format shader working directory is -5 characters bigger than the processId version (../../../../../../Users/jonjo/Documents/GitHub/Game/Intermediate/Shaders/WorkingDirectory/5392/).
[2018.03.16-16.02.04:509][  0]LogShaderCompilers: Cleaned the shader compiler working directory 'C:/Users/jonjo/AppData/Local/Temp/UnrealShaderWorkingDir/11E4F1834D90AD7465C1AF87DD195226/'.
[2018.03.16-16.02.04:509][  0]LogShaderCompilers: Display: Using Local Shader Compiler.
[2018.03.16-16.02.05:655][  0]LogTemp: Display: Loaded TP AllDesktopTargetPlatform
[2018.03.16-16.02.05:719][  0]LogTemp: Display: Loaded TP MacClientTargetPlatform
[2018.03.16-16.02.05:781][  0]LogTemp: Display: Loaded TP MacNoEditorTargetPlatform
[2018.03.16-16.02.05:842][  0]LogTemp: Display: Loaded TP MacServerTargetPlatform
[2018.03.16-16.02.05:908][  0]LogTemp: Display: Loaded TP MacTargetPlatform
[2018.03.16-16.02.05:975][  0]LogTemp: Display: Loaded TP WindowsClientTargetPlatform
[2018.03.16-16.02.06:039][  0]LogTemp: Display: Loaded TP WindowsNoEditorTargetPlatform
[2018.03.16-16.02.06:102][  0]LogTemp: Display: Loaded TP WindowsServerTargetPlatform
[2018.03.16-16.02.06:162][  0]LogTemp: Display: Loaded TP WindowsTargetPlatform
[2018.03.16-16.02.06:225][  0]LogTemp: Display: Loaded TP Android_ASTCTargetPlatform
[2018.03.16-16.02.06:291][  0]LogTemp: Display: Loaded TP Android_ATCTargetPlatform
[2018.03.16-16.02.06:346][  0]LogTemp: Display: Loaded TP Android_DXTTargetPlatform
[2018.03.16-16.02.06:407][  0]LogTemp: Display: Loaded TP Android_ETC1TargetPlatform
[2018.03.16-16.02.06:470][  0]LogTemp: Display: Loaded TP Android_ETC2TargetPlatform
[2018.03.16-16.02.06:595][  0]LogTemp: Display: Loaded TP Android_MultiTargetPlatform
[2018.03.16-16.02.06:595][  0]LogTemp: Display: Loaded TP Android_PVRTCTargetPlatform
[2018.03.16-16.02.06:655][  0]LogTemp: Display: Loaded TP AndroidTargetPlatform
[2018.03.16-16.02.06:702][  0]LogTemp: Display: Loaded TP HTML5TargetPlatform
[2018.03.16-16.02.06:810][  0]LogTemp: Display: Loaded TP IOSTargetPlatform
[2018.03.16-16.02.06:840][  0]LogTemp: Display: Loaded TP TVOSTargetPlatform
[2018.03.16-16.02.06:901][  0]LogTemp: Display: Loaded TP LinuxClientTargetPlatform
[2018.03.16-16.02.06:962][  0]LogTemp: Display: Loaded TP LinuxNoEditorTargetPlatform
[2018.03.16-16.02.07:024][  0]LogTemp: Display: Loaded TP LinuxServerTargetPlatform
[2018.03.16-16.02.07:085][  0]LogTemp: Display: Loaded TP LinuxTargetPlatform
[2018.03.16-16.02.07:085][  0]LogTargetPlatformManager: Display: Building Assets For Windows
[2018.03.16-16.02.07:628][  0]LogDerivedDataCache: Display: Max Cache Size: 512 MB
[2018.03.16-16.02.07:729][  0]LogDerivedDataCache: Loaded boot cache 0.10s 78MB C:/Users/jonjo/AppData/Local/UnrealEngine/4.18/DerivedDataCache/Boot.ddc.
[2018.03.16-16.02.07:730][  0]LogDerivedDataCache: Display: Loaded Boot cache: C:/Users/jonjo/AppData/Local/UnrealEngine/4.18/DerivedDataCache/Boot.ddc
[2018.03.16-16.02.07:730][  0]LogDerivedDataCache: FDerivedDataBackendGraph:  Pak pak cache file ../../../../../../Users/jonjo/Documents/GitHub/Game/DerivedDataCache/DDC.ddp not found, will not use a pak cache.
[2018.03.16-16.02.07:730][  0]LogDerivedDataCache: Unable to find inner node Pak for hierarchical cache Hierarchy.
[2018.03.16-16.02.07:730][  0]LogDerivedDataCache: FDerivedDataBackendGraph:  CompressedPak pak cache file ../../../../../../Users/jonjo/Documents/GitHub/Game/DerivedDataCache/Compressed.ddp not found, will not use a pak cache.
[2018.03.16-16.02.07:730][  0]LogDerivedDataCache: Unable to find inner node CompressedPak for hierarchical cache Hierarchy.
[2018.03.16-16.02.07:748][  0]LogDerivedDataCache: Display: Pak cache opened for reading ../../../Engine/DerivedDataCache/Compressed.ddp.
[2018.03.16-16.02.07:760][  0]LogDerivedDataCache: Using Local data cache path C:/Users/jonjo/AppData/Local/UnrealEngine/Common/DerivedDataCache: Writable
[2018.03.16-16.02.07:771][  0]LogMaterial: Verifying Global Shaders for PCD3D_SM5
[2018.03.16-16.02.07:771][  0]LogSlate: Using Freetype 2.6.0
[2018.03.16-16.02.07:772][  0]LogSlate: SlateFontCache - WITH_FREETYPE: 1, WITH_HARFBUZZ: 1
[2018.03.16-16.02.07:772][  0]LogSlate: SlateFontCache - WITH_FREETYPE: 1, WITH_HARFBUZZ: 1
[2018.03.16-16.02.08:187][  0]LogInit: Selected Device Profile: [Windows]
[2018.03.16-16.02.08:579][  0]LogSimplygon: Simplygon DLL not present - disabling.
[2018.03.16-16.02.08:627][  0]LogMeshReduction: Using SimplygonSwarm for distributed automatic mesh merging
[2018.03.16-16.02.08:627][  0]LogMeshReduction: Using QuadricMeshReduction for automatic static mesh reduction
[2018.03.16-16.02.08:627][  0]LogMeshReduction: No automatic skeletal mesh reduction module available
[2018.03.16-16.02.08:627][  0]LogMeshReduction: No automatic mesh merging module available
[2018.03.16-16.02.08:627][  0]LogMeshMerging: No automatic mesh merging module available
[2018.03.16-16.02.08:660][  0]LogNetVersion: MyGame , NetCL: 3709383, EngineNetVer: 2, GameNetVer: 0 (Checksum: 2137506241)
[2018.03.16-16.02.08:843][  0]LogAssetRegistry: FAssetRegistry took 0.0253 seconds to start up
[2018.03.16-16.02.09:403][  0]LogPackageLocalizationCache: Processed 7 localized package path(s) for 2 prioritized culture(s) in 0.075337 seconds
[2018.03.16-16.02.09:411][  0]LogUObjectArray: 35870 objects as part of root set at end of initial load.
[2018.03.16-16.02.09:411][  0]LogUObjectAllocator: 7363696 out of 0 bytes used by permanent object pool.
[2018.03.16-16.02.09:411][  0]LogUObjectArray: CloseDisregardForGC: 0/0 objects in disregard for GC pool
[2018.03.16-16.02.09:472][  0]LogInit: WinSock: version 1.1 (2.2), MaxSocks=32767, MaxUdp=65467
[2018.03.16-16.02.12:624][  0]LogTcpMessaging: Initializing TcpMessaging bridge
[2018.03.16-16.02.12:674][  0]LogUdpMessaging: Initializing bridge on interface 0.0.0.0:0 to multicast group 230.0.0.1:6666.
[2018.03.16-16.02.13:492][  0]LogMaterial: Uniform references updated for custom material expression Custom.
[2018.03.16-16.02.13:984][  0]SourceControl: Source control is disabled
[2018.03.16-16.02.15:909][  0]LogAndroidPermission: UAndroidPermissionCallbackProxy::GetInstance
[2018.03.16-16.02.16:240][  0]LogOcInput: OculusInput pre-init called
[2018.03.16-16.02.16:576][  0]LogEngine: Initializing Engine...
[2018.03.16-16.02.16:577][  0]LogHMD: Failed to initialize OpenVR with code 110
[2018.03.16-16.02.16:822][  0]LogStats: UGameplayTagsManager::ConstructGameplayTagTree: Construct from data asset -  0.000 s
[2018.03.16-16.02.16:822][  0]LogStats: UGameplayTagsManager::ConstructGameplayTagTree: GameplayTagTreeChangedEvent.Broadcast -  0.000 s
[2018.03.16-16.02.16:982][  0]LogAIModule: Creating AISystem for world Untitled
[2018.03.16-16.02.16:992][  0]LogInit: XAudio2 using 'Speakers (Realtek High Definition Audio)' : 2 channels at 48 kHz using 32 bits per sample (channel mask 0x3)
[2018.03.16-16.02.17:010][  0]LogInit: FAudioDevice initialized.
[2018.03.16-16.02.17:271][  0]LogDerivedDataCache: Saved boot cache 0.26s 78MB C:/Users/jonjo/AppData/Local/UnrealEngine/4.18/DerivedDataCache/Boot.ddc.
[2018.03.16-16.02.17:293][  0]LogInit: Texture streaming: Enabled
[2018.03.16-16.02.17:414][  0]LogEngineSessionManager: EngineSessionManager initialized
[2018.03.16-16.02.17:568][  0]LogInit: Transaction tracking system initialized
[2018.03.16-16.02.17:938][  0]BlueprintLog: New page: Editor Load
[2018.03.16-16.02.18:988][  0]LocalizationService: Localization service is disabled
[2018.03.16-16.02.19:939][  0]LogConsoleResponse: Display: 
[2018.03.16-16.02.20:128][  0]LogCook: Display: Max memory allowance for cook 16384mb min free memory 0mb
[2018.03.16-16.02.20:128][  0]LogCook: Display: Mobile HDR setting 1
[2018.03.16-16.02.20:128][  0]LogGameplayTags: Display: UGameplayTagsManager::DoneAddingNativeTags. DelegateIsBound: 0
[2018.03.16-16.02.21:118][  0]LogFileCache: Scanning file cache for directory 'C:/Users/jonjo/Documents/GitHub/Game/Content/' took 0.02s
[2018.03.16-16.02.21:553][  0]Cmd: MAP LOAD FILE="../../../../../../Users/jonjo/Documents/GitHub/Game/Content/ThirdPersonBP/Maps/ThirdPersonExampleMap.umap" TEMPLATE=0 SHOWPROGRESS=1 FEATURELEVEL=3
[2018.03.16-16.02.21:553][  0]LightingResults: New page: Lighting Build
[2018.03.16-16.02.21:602][  0]MapCheck: New page: Map Check
[2018.03.16-16.02.21:602][  0]LightingResults: New page: Lighting Build
[2018.03.16-16.02.21:790][  0]LogBlueprint: Error: [Compiler AddXPBP] In use pin  <Unnamed>  no longer exists on node  Health Level . Please refresh node or break links to remove pin.
[2018.03.16-16.02.21:791][  0]LogBlueprint: Error: [Compiler AddXPBP] In use pin  <Unnamed>  no longer exists on node  Health Level . Please refresh node or break links to remove pin.
[2018.03.16-16.02.21:791][  0]LogBlueprint: Error: [Compiler AddXPBP] In use pin  Target  no longer exists on node  Health Level . Please refresh node or break links to remove pin.
[2018.03.16-16.02.21:791][  0]LogBlueprint: Error: [Compiler AddXPBP] In use pin  Added XP  no longer exists on node  Health Level . Please refresh node or break links to remove pin.
[2018.03.16-16.02.21:791][  0]LogBlueprint: Error: [Compiler AddXPBP] Could not find a function named "HealthLevel" in 'ThirdPersonCharacter_C'.
Make sure 'ThirdPersonCharacter_C' has been compiled for  Health Level
[2018.03.16-16.02.21:792][  0]LogBlueprint: Warning: [Compiler AddXPBP] [0020.67] Compile of AddXPBP failed. 5 Fatal Issue(s) 0 Warning(s) [in 4 ms] (/Game/AddXPBP.AddXPBP)
[2018.03.16-16.02.21:798][  0]LogBlueprint: Warning: [Compiler CopperBP] Get : 'CurrentMiningLevel' variable not found. Base class was probably changed. /Game/CopperBP.CopperBP
[2018.03.16-16.02.21:800][  0]LogBlueprint: Warning: [Compiler CopperBP] Could not find a variable named "CurrentMiningLevel" in 'ThirdPersonCharacter_C'.
Make sure 'ThirdPersonCharacter_C' has been compiled for  Get CurrentMiningLevel
[2018.03.16-16.02.21:801][  0]LogBlueprint: Error: [Compiler CopperBP] The property associated with  Current Mining Level  could not be found
[2018.03.16-16.02.21:802][  0]LogBlueprint: Warning: [Compiler CopperBP] [0020.68] Compile of CopperBP failed. 1 Fatal Issue(s) 2 Warning(s) [in 5 ms] (/Game/CopperBP.CopperBP)
[2018.03.16-16.02.22:159][  0]LogAIModule: Creating AISystem for world ThirdPersonExampleMap
[2018.03.16-16.02.22:172][  0]LogEditorServer: Finished looking for orphan Actors (0.000 secs)
[2018.03.16-16.02.22:188][  0]Cmd: MAP CHECKDEP NOCLEARLOG
[2018.03.16-16.02.22:269][  0]MapCheck: Map check complete: 0 Error(s), 0 Warning(s), took 81.055ms to complete.
[2018.03.16-16.02.22:269][  0]LogFileHelpers: Loading map 'ThirdPersonExampleMap' took 0.716
[2018.03.16-16.02.22:432][  0]LogCollectionManager: Loaded 0 collections in 0.002475 seconds
[2018.03.16-16.02.22:519][  0]LogFileCache: Scanning file cache for directory 'C:/Users/jonjo/Documents/GitHub/Game/Saved/Collections/' took 0.01s
[2018.03.16-16.02.22:519][  0]LogFileCache: Scanning file cache for directory 'C:/Users/jonjo/Documents/GitHub/Game/Content/Developers/jonjo/Collections/' took 0.01s
[2018.03.16-16.02.22:519][  0]LogFileCache: Scanning file cache for directory 'C:/Users/jonjo/Documents/GitHub/Game/Content/Collections/' took 0.01s
[2018.03.16-16.02.22:519][  0]LogCollectionManager: Rebuilt the GUID cache for 0 collections in 0.000000 seconds
[2018.03.16-16.02.22:528][  0]LogContentBrowser: Native class hierarchy populated in 0.0092 seconds. Added 2363 classes and 519 folders.
[2018.03.16-16.02.22:603][  0]LogContentBrowser: Native class hierarchy updated for 'WidgetCarousel' in 0.0002 seconds. Added 0 classes and 0 folders.
[2018.03.16-16.02.22:651][  0]LogContentBrowser: Native class hierarchy updated for 'AddContentDialog' in 0.0002 seconds. Added 0 classes and 0 folders.
[2018.03.16-16.02.22:702][  0]LogContentBrowser: Native class hierarchy updated for 'SceneOutliner' in 0.0002 seconds. Added 1 classes and 2 folders.
[2018.03.16-16.02.22:728][  0]LogSlate: Took 0.000273 seconds to synchronously load lazily loaded font '../../../Engine/Content/Slate/Fonts/Roboto-Regular.ttf' (155K)
[2018.03.16-16.02.22:730][  0]LogSlate: Took 0.000192 seconds to synchronously load lazily loaded font '../../../Engine/Content/Slate/Fonts/Roboto-Bold.ttf' (160K)
[2018.03.16-16.02.22:736][  0]LogSlate: Took 0.000387 seconds to synchronously load lazily loaded font '../../../Engine/Content/Editor/Slate/Fonts/FontAwesome.ttf' (139K)
[2018.03.16-16.02.22:848][  0]LogRenderer: Reallocating scene render targets to support 1276x656 Format 10 NumSamples 1 (Frame:1).
[2018.03.16-16.02.22:900][  0]LogSlate: Took 0.000232 seconds to synchronously load lazily loaded font '../../../Engine/Content/Slate/Fonts/Roboto-Light.ttf' (159K)
[2018.03.16-16.02.23:093][  0]LogContentBrowser: Native class hierarchy updated for 'HierarchicalLODOutliner' in 0.0004 seconds. Added 1 classes and 2 folders.
[2018.03.16-16.02.23:093][  0]LogLoad: (Engine Initialization) Total time: 21.97 seconds
[2018.03.16-16.02.23:093][  0]LogLoad: (Engine Initialization) Total Blueprint compile time: 0.00 seconds
[2018.03.16-16.02.23:093][  0]LogExternalProfiler: No external profilers were discovered.  External profiling features will not be available.
[2018.03.16-16.02.23:102][  0]LogWindowsTextInputMethodSystem: Display: IME system now deactivated.
[2018.03.16-16.02.23:123][  0]SourceControl: On branch master
[2018.03.16-16.02.23:123][  0]SourceControl: Your branch is up to date with 'origin/master'.
[2018.03.16-16.02.23:123][  0]SourceControl: Changes not staged for commit:
[2018.03.16-16.02.23:123][  0]SourceControl:   (use "git add <file>..." to update what will be committed)
[2018.03.16-16.02.23:123][  0]SourceControl:   (use "git checkout -- <file>..." to discard changes in working directory)
[2018.03.16-16.02.23:123][  0]SourceControl: 	modified:   Intermediate/AssetRegistryCache/c90e3f55.bin
[2018.03.16-16.02.23:123][  0]SourceControl: 	modified:   Intermediate/CachedAssetRegistry.bin
[2018.03.16-16.02.23:123][  0]SourceControl: 	modified:   Saved/AutoScreenshot.png
[2018.03.16-16.02.23:123][  0]SourceControl: 	modified:   Saved/Config/Windows/EditorPerProjectUserSettings.ini
[2018.03.16-16.02.23:123][  0]SourceControl: 	modified:   Saved/Logs/MyGame.log
[2018.03.16-16.02.23:123][  0]SourceControl: Untracked files:
[2018.03.16-16.02.23:123][  0]SourceControl:   (use "git add <file>..." to include in what will be committed)
[2018.03.16-16.02.23:123][  0]SourceControl: 	Saved/Config/CrashReportClient/UE4CC-Windows-15BF5402468B5E8CB5A3B9A52BF8ADFB/
[2018.03.16-16.02.23:123][  0]SourceControl: 	Saved/Config/CrashReportClient/UE4CC-Windows-20B213774D129A2D6835DBA80D6A234D/
[2018.03.16-16.02.23:123][  0]SourceControl: 	Saved/Config/CrashReportClient/UE4CC-Windows-2F76017E4A9A41D83817E0A8EBEA1A6B/
[2018.03.16-16.02.23:123][  0]SourceControl: 	Saved/Config/CrashReportClient/UE4CC-Windows-54BC1269429487E054899F8D0FF2C07B/
[2018.03.16-16.02.23:123][  0]SourceControl: 	Saved/Config/CrashReportClient/UE4CC-Windows-D2ED14634E07F75E4F6A59BB98F3E7B3/
[2018.03.16-16.02.23:123][  0]SourceControl: 	Saved/Logs/MyGame-backup-2018.03.16-11.51.45.log
[2018.03.16-16.02.23:123][  0]SourceControl: 	Saved/Logs/MyGame-backup-2018.03.16-11.57.28.log
[2018.03.16-16.02.23:123][  0]SourceControl: 	Saved/Logs/MyGame-backup-2018.03.16-11.58.58.log
[2018.03.16-16.02.23:123][  0]SourceControl: 	Saved/Logs/MyGame-backup-2018.03.16-11.59.53.log
[2018.03.16-16.02.23:124][  0]SourceControl: 	Saved/Logs/MyGame-backup-2018.03.16-12.02.01.log
[2018.03.16-16.02.23:124][  0]SourceControl: no changes added to commit (use "git add" and/or "git commit -a")
[2018.03.16-16.02.23:124][  0]LogContentStreaming: Texture pool size now 1000 MB
[2018.03.16-16.02.23:210][  1]LogAssetRegistry: Asset discovery search completed in 14.3887 seconds
[2018.03.16-16.02.23:213][  1]LogCollectionManager: Rebuilt the object cache for 0 collections in 0.000000 seconds (found 0 objects)
[2018.03.16-16.02.23:213][  1]LogCollectionManager: Fixed up redirectors for 0 collections in 0.000065 seconds (updated 0 objects)
[2018.03.16-16.02.28:987][542]LogTemp: Repeating last play command: New Editor Window (PIE)
[2018.03.16-16.02.29:030][542]LogBlueprintUserMessages: Early PlayInEditor Detection: Level '/Game/ThirdPersonBP/Maps/ThirdPersonExampleMap.ThirdPersonExampleMap:PersistentLevel' has LevelScriptBlueprint '/Game/ThirdPersonBP/Maps/ThirdPersonExampleMap.ThirdPersonExampleMap:PersistentLevel.ThirdPersonExampleMap' with GeneratedClass '/Game/ThirdPersonBP/Maps/ThirdPersonExampleMap.ThirdPersonExampleMap_C' with ClassGeneratedBy '/Game/ThirdPersonBP/Maps/ThirdPersonExampleMap.ThirdPersonExampleMap:PersistentLevel.ThirdPersonExampleMap'
[2018.03.16-16.02.29:030][542]LogPlayLevel: PlayLevel: No blueprints needed recompiling
[2018.03.16-16.02.57:823][488]LogTemp: Repeating last play command: New Editor Window (PIE)
[2018.03.16-16.02.57:839][488]LogBlueprintUserMessages: Early PlayInEditor Detection: Level '/Game/ThirdPersonBP/Maps/ThirdPersonExampleMap.ThirdPersonExampleMap:PersistentLevel' has LevelScriptBlueprint '/Game/ThirdPersonBP/Maps/ThirdPersonExampleMap.ThirdPersonExampleMap:PersistentLevel.ThirdPersonExampleMap' with GeneratedClass '/Game/ThirdPersonBP/Maps/ThirdPersonExampleMap.ThirdPersonExampleMap_C' with ClassGeneratedBy '/Game/ThirdPersonBP/Maps/ThirdPersonExampleMap.ThirdPersonExampleMap:PersistentLevel.ThirdPersonExampleMap'
[2018.03.16-16.02.57:839][488]LogPlayLevel: PlayLevel: No blueprints needed recompiling
[2018.03.16-16.02.59:240][488]PIE: New page: PIE session: ThirdPersonExampleMap (Mar 16, 2018, 8:02:59 AM)
[2018.03.16-16.02.59:240][488]LogPlayLevel: Creating play world package: /Game/ThirdPersonBP/Maps/UEDPIE_1_ThirdPersonExampleMap
[2018.03.16-16.02.59:279][488]LogPlayLevel: PIE: StaticDuplicateObject took: (0.039622s)
[2018.03.16-16.02.59:281][488]LogAIModule: Creating AISystem for world ThirdPersonExampleMap
[2018.03.16-16.02.59:281][488]LogPlayLevel: PIE: World Init took: (0.001765s)
[2018.03.16-16.02.59:281][488]LogPlayLevel: PIE: Created PIE world by copying editor world from /Game/ThirdPersonBP/Maps/ThirdPersonExampleMap.ThirdPersonExampleMap to /Game/ThirdPersonBP/Maps/UEDPIE_1_ThirdPersonExampleMap.ThirdPersonExampleMap (0.041734s)
[2018.03.16-16.02.59:312][488]LogLoad: Game class is 'ThirdPersonGameMode_C'
[2018.03.16-16.02.59:315][488]LogWorld: Bringing World /Game/ThirdPersonBP/Maps/UEDPIE_1_ThirdPersonExampleMap.ThirdPersonExampleMap up for play (max tick rate 0) at 2018.03.16-12.02.59
[2018.03.16-16.02.59:315][488]LogWorld: Bringing up level for play took: 0.001964
[2018.03.16-16.02.59:316][488]LogTemp: Display: ParseSettings for GameNetDriver
[2018.03.16-16.02.59:316][488]LogTemp: Display: ParseSettings for IpNetDriver_0
[2018.03.16-16.02.59:316][488]LogTemp: Display: ParseSettings for GameNetDriver
[2018.03.16-16.02.59:316][488]LogInit: WinSock: Socket queue 131072 / 131072
[2018.03.16-16.02.59:319][488]LogInit: WinSock: I am DESKTOP-QE3GLGL (10.0.0.192:0)
[2018.03.16-16.02.59:319][488]PacketHandlerLog: Loaded PacketHandler component: Engine.EngineHandlerComponentFactory (StatelessConnectHandlerComponent)
[2018.03.16-16.02.59:319][488]LogNet: GameNetDriver IpNetDriver_0 IpNetDriver listening on port 17777
[2018.03.16-16.02.59:320][488]PIE: Play in editor start time for /Game/ThirdPersonBP/Maps/UEDPIE_1_ThirdPersonExampleMap 0.934
[2018.03.16-16.02.59:321][488]PIE: New page: PIE session: ThirdPersonExampleMap (Mar 16, 2018, 8:02:59 AM)
[2018.03.16-16.02.59:325][488]LogInit: XAudio2 using 'Speakers (Realtek High Definition Audio)' : 2 channels at 48 kHz using 32 bits per sample (channel mask 0x3)
[2018.03.16-16.02.59:339][488]LogInit: FAudioDevice initialized.
[2018.03.16-16.02.59:379][488]LogNet: Browse: 127.0.0.1:17777//Game/ThirdPersonBP/Maps/ThirdPersonExampleMap
[2018.03.16-16.02.59:379][488]LogTemp: Display: ParseSettings for GameNetDriver
[2018.03.16-16.02.59:379][488]LogTemp: Display: ParseSettings for IpNetDriver_1
[2018.03.16-16.02.59:379][488]LogTemp: Display: ParseSettings for PendingNetDriver
[2018.03.16-16.02.59:379][488]LogInit: WinSock: Socket queue 32768 / 32768
[2018.03.16-16.02.59:379][488]PacketHandlerLog: Loaded PacketHandler component: Engine.EngineHandlerComponentFactory (StatelessConnectHandlerComponent)
[2018.03.16-16.02.59:379][488]LogNet: Game client on port 17777, rate 10000
[2018.03.16-16.02.59:382][488]PIE: Play in editor start time for /Game/ThirdPersonBP/Maps/ThirdPersonExampleMap 0.997
[2018.03.16-16.02.59:384][488]PIE: New page: PIE session: ThirdPersonExampleMap (Mar 16, 2018, 8:02:59 AM)
[2018.03.16-16.02.59:433][488]LogNet: Browse: 127.0.0.1:17777//Game/ThirdPersonBP/Maps/ThirdPersonExampleMap
[2018.03.16-16.02.59:433][488]LogTemp: Display: ParseSettings for GameNetDriver
[2018.03.16-16.02.59:433][488]LogTemp: Display: ParseSettings for IpNetDriver_2
[2018.03.16-16.02.59:433][488]LogTemp: Display: ParseSettings for PendingNetDriver
[2018.03.16-16.02.59:433][488]LogInit: WinSock: Socket queue 32768 / 32768
[2018.03.16-16.02.59:433][488]PacketHandlerLog: Loaded PacketHandler component: Engine.EngineHandlerComponentFactory (StatelessConnectHandlerComponent)
[2018.03.16-16.02.59:433][488]LogNet: Game client on port 17777, rate 10000
[2018.03.16-16.02.59:437][488]PIE: Play in editor start time for /Game/ThirdPersonBP/Maps/ThirdPersonExampleMap 1.051
[2018.03.16-16.02.59:445][488]LogBlueprintUserMessages: Late PlayInEditor Detection: Level '/Game/ThirdPersonBP/Maps/ThirdPersonExampleMap.ThirdPersonExampleMap:PersistentLevel' has LevelScriptBlueprint '/Game/ThirdPersonBP/Maps/ThirdPersonExampleMap.ThirdPersonExampleMap:PersistentLevel.ThirdPersonExampleMap' with GeneratedClass '/Game/ThirdPersonBP/Maps/ThirdPersonExampleMap.ThirdPersonExampleMap_C' with ClassGeneratedBy '/Game/ThirdPersonBP/Maps/ThirdPersonExampleMap.ThirdPersonExampleMap:PersistentLevel.ThirdPersonExampleMap'
[2018.03.16-16.02.59:446][488]LogNet: NotifyAcceptingConnection accepted from: 127.0.0.1:63042
[2018.03.16-16.02.59:446][488]LogHandshake: SendConnectChallenge. Timestamp: 0.333333, Cookie: 028246182053166064234049044052012060057174211076023123148249
[2018.03.16-16.02.59:447][488]LogNet: NotifyAcceptingConnection accepted from: 127.0.0.1:63043
[2018.03.16-16.02.59:447][488]LogHandshake: SendConnectChallenge. Timestamp: 0.333333, Cookie: 168252025149157035148125015076223069202226055145105046104120
[2018.03.16-16.02.59:475][488]LogHandshake: SendChallengeResponse. Timestamp: 0.333333, Cookie: 028246182053166064234049044052012060057174211076023123148249
[2018.03.16-16.02.59:476][488]LogHandshake: SendChallengeResponse. Timestamp: 0.333333, Cookie: 168252025149157035148125015076223069202226055145105046104120
[2018.03.16-16.02.59:573][489]LogNet: NotifyAcceptingConnection accepted from: 127.0.0.1:63042
[2018.03.16-16.02.59:573][489]LogHandshake: SendChallengeAck. InCookie: 028246182053166064234049044052012060057174211076023123148249
[2018.03.16-16.02.59:574][489]LogNet: Server accepting post-challenge connection from: 127.0.0.1:63042
[2018.03.16-16.02.59:574][489]PacketHandlerLog: Loaded PacketHandler component: Engine.EngineHandlerComponentFactory (StatelessConnectHandlerComponent)
[2018.03.16-16.02.59:574][489]LogNet: NotifyAcceptedConnection: Name: ThirdPersonExampleMap, TimeStamp: 03/16/18 12:02:59, [UNetConnection] RemoteAddr: 127.0.0.1:63042, Name: IpConnection_2, Driver: GameNetDriver IpNetDriver_0, IsServer: YES, PC: NULL, Owner: NULL
[2018.03.16-16.02.59:574][489]LogNet: AddClientConnection: Added client connection: [UNetConnection] RemoteAddr: 127.0.0.1:63042, Name: IpConnection_2, Driver: GameNetDriver IpNetDriver_0, IsServer: YES, PC: NULL, Owner: NULL
[2018.03.16-16.02.59:574][489]LogNet: NotifyAcceptingConnection accepted from: 127.0.0.1:63043
[2018.03.16-16.02.59:574][489]LogHandshake: SendChallengeAck. InCookie: 168252025149157035148125015076223069202226055145105046104120
[2018.03.16-16.02.59:574][489]LogNet: Server accepting post-challenge connection from: 127.0.0.1:63043
[2018.03.16-16.02.59:574][489]PacketHandlerLog: Loaded PacketHandler component: Engine.EngineHandlerComponentFactory (StatelessConnectHandlerComponent)
[2018.03.16-16.02.59:574][489]LogNet: NotifyAcceptedConnection: Name: ThirdPersonExampleMap, TimeStamp: 03/16/18 12:02:59, [UNetConnection] RemoteAddr: 127.0.0.1:63043, Name: IpConnection_3, Driver: GameNetDriver IpNetDriver_0, IsServer: YES, PC: NULL, Owner: NULL
[2018.03.16-16.02.59:574][489]LogNet: AddClientConnection: Added client connection: [UNetConnection] RemoteAddr: 127.0.0.1:63043, Name: IpConnection_3, Driver: GameNetDriver IpNetDriver_0, IsServer: YES, PC: NULL, Owner: NULL
[2018.03.16-16.02.59:575][489]LogNetVersion: MyGame 1.0.0.0, NetCL: 3709383, EngineNetVer: 2, GameNetVer: 0 (Checksum: 2429549563)
[2018.03.16-16.02.59:575][489]LogNet: UPendingNetGame::SendInitialJoin: Sending hello. [UNetConnection] RemoteAddr: 127.0.0.1:17777, Name: IpConnection_0, Driver: PendingNetDriver IpNetDriver_1, IsServer: NO, PC: NULL, Owner: NULL
[2018.03.16-16.02.59:575][489]LogNet: UPendingNetGame::SendInitialJoin: Sending hello. [UNetConnection] RemoteAddr: 127.0.0.1:17777, Name: IpConnection_1, Driver: PendingNetDriver IpNetDriver_2, IsServer: NO, PC: NULL, Owner: NULL
[2018.03.16-16.02.59:589][490]LogNet: NotifyAcceptingChannel Control 0 server World /Game/ThirdPersonBP/Maps/UEDPIE_1_ThirdPersonExampleMap.ThirdPersonExampleMap: Accepted
[2018.03.16-16.02.59:589][490]LogNet: Remote platform little endian=1
[2018.03.16-16.02.59:589][490]LogNet: This platform little endian=1
[2018.03.16-16.02.59:589][490]LogNet: NotifyAcceptingChannel Control 0 server World /Game/ThirdPersonBP/Maps/UEDPIE_1_ThirdPersonExampleMap.ThirdPersonExampleMap: Accepted
[2018.03.16-16.02.59:589][490]LogNet: Remote platform little endian=1
[2018.03.16-16.02.59:589][490]LogNet: This platform little endian=1
[2018.03.16-16.02.59:601][491]LogNet: Login request: /Game/ThirdPersonBP/Maps/ThirdPersonExampleMap userId: Invalid
[2018.03.16-16.02.59:601][491]LogNet: Login request: /Game/ThirdPersonBP/Maps/ThirdPersonExampleMap userId: Invalid
[2018.03.16-16.02.59:602][491]LogNet: Welcomed by server (Level: /Game/ThirdPersonBP/Maps/UEDPIE_1_ThirdPersonExampleMap, Game: /Game/ThirdPersonBP/Blueprints/ThirdPersonGameMode.ThirdPersonGameMode_C)
[2018.03.16-16.02.59:603][491]LogLoad: LoadMap: 127.0.0.1:17777//Game/ThirdPersonBP/Maps/UEDPIE_1_ThirdPersonExampleMap?game=/Game/ThirdPersonBP/Blueprints/ThirdPersonGameMode.ThirdPersonGameMode_C
[2018.03.16-16.02.59:647][491]LogAIModule: Creating AISystem for world ThirdPersonExampleMap
[2018.03.16-16.02.59:648][491]LogTemp: Display: ParseSettings for GameNetDriver
[2018.03.16-16.02.59:650][491]LogWorld: Bringing World /Game/ThirdPersonBP/Maps/UEDPIE_2_ThirdPersonExampleMap.ThirdPersonExampleMap up for play (max tick rate 0) at 2018.03.16-12.02.59
[2018.03.16-16.02.59:650][491]LogWorld: Bringing up level for play took: 0.001713
[2018.03.16-16.02.59:650][491]LogLoad: Took 0.047371 seconds to LoadMap(/Game/ThirdPersonBP/Maps/UEDPIE_1_ThirdPersonExampleMap)
[2018.03.16-16.02.59:650][491]LogNet: Welcomed by server (Level: /Game/ThirdPersonBP/Maps/UEDPIE_1_ThirdPersonExampleMap, Game: /Game/ThirdPersonBP/Blueprints/ThirdPersonGameMode.ThirdPersonGameMode_C)
[2018.03.16-16.02.59:665][491]LogLoad: LoadMap: 127.0.0.1:17777//Game/ThirdPersonBP/Maps/UEDPIE_1_ThirdPersonExampleMap?game=/Game/ThirdPersonBP/Blueprints/ThirdPersonGameMode.ThirdPersonGameMode_C
[2018.03.16-16.02.59:700][491]LogAIModule: Creating AISystem for world ThirdPersonExampleMap
[2018.03.16-16.02.59:701][491]LogTemp: Display: ParseSettings for GameNetDriver
[2018.03.16-16.02.59:705][491]LogWorld: Bringing World /Game/ThirdPersonBP/Maps/UEDPIE_3_ThirdPersonExampleMap.ThirdPersonExampleMap up for play (max tick rate 0) at 2018.03.16-12.02.59
[2018.03.16-16.02.59:705][491]LogWorld: Bringing up level for play took: 0.003096
[2018.03.16-16.02.59:706][491]LogLoad: Took 0.041278 seconds to LoadMap(/Game/ThirdPersonBP/Maps/UEDPIE_1_ThirdPersonExampleMap)
[2018.03.16-16.02.59:722][492]LogNet: Client netspeed is 10000
[2018.03.16-16.02.59:723][492]LogNet: Join request: /Game/ThirdPersonBP/Maps/ThirdPersonExampleMap?SplitscreenCount=1
[2018.03.16-16.02.59:725][492]LogNet: Join succeeded: 256
[2018.03.16-16.02.59:726][492]LogNet: Client netspeed is 10000
[2018.03.16-16.02.59:726][492]LogNet: Join request: /Game/ThirdPersonBP/Maps/ThirdPersonExampleMap?SplitscreenCount=1
[2018.03.16-16.02.59:727][492]LogNet: Join succeeded: 257
[2018.03.16-16.02.59:744][493]LogRenderer: Reallocating scene render targets to support 1280x720 Format 10 NumSamples 1 (Frame:1).
[2018.03.16-16.03.56:010][664]LogBlueprintUserMessages: Early EndPlayMap Detection: Level '/Game/ThirdPersonBP/Maps/ThirdPersonExampleMap.ThirdPersonExampleMap:PersistentLevel' has LevelScriptBlueprint '/Game/ThirdPersonBP/Maps/ThirdPersonExampleMap.ThirdPersonExampleMap:PersistentLevel.ThirdPersonExampleMap' with GeneratedClass '/Game/ThirdPersonBP/Maps/ThirdPersonExampleMap.ThirdPersonExampleMap_C' with ClassGeneratedBy '/Game/ThirdPersonBP/Maps/ThirdPersonExampleMap.ThirdPersonExampleMap:PersistentLevel.ThirdPersonExampleMap'
[2018.03.16-16.03.56:108][664]LogBlueprintUserMessages: Late EndPlayMap Detection: Level '/Game/ThirdPersonBP/Maps/ThirdPersonExampleMap.ThirdPersonExampleMap:PersistentLevel' has LevelScriptBlueprint '/Game/ThirdPersonBP/Maps/ThirdPersonExampleMap.ThirdPersonExampleMap:PersistentLevel.ThirdPersonExampleMap' with GeneratedClass '/Game/ThirdPersonBP/Maps/ThirdPersonExampleMap.ThirdPersonExampleMap_C' with ClassGeneratedBy '/Game/ThirdPersonBP/Maps/ThirdPersonExampleMap.ThirdPersonExampleMap:PersistentLevel.ThirdPersonExampleMap'
[2018.03.16-16.03.56:119][664]LogNet: UChannel::CleanUp: ChIndex == 0. Closing connection. [UChannel] ChIndex: 0, Closing: 0 [UNetConnection] RemoteAddr: 127.0.0.1:63043, Name: IpConnection_3, Driver: GameNetDriver IpNetDriver_0, IsServer: YES, PC: None, Owner: None
[2018.03.16-16.03.56:119][664]LogNet: UNetConnection::Close: [UNetConnection] RemoteAddr: 127.0.0.1:63043, Name: IpConnection_3, Driver: GameNetDriver IpNetDriver_0, IsServer: YES, PC: None, Owner: None, Channels: 2, Time: 2018.03.16-16.03.56
[2018.03.16-16.03.56:119][664]LogNet: UChannel::Close: Sending CloseBunch. ChIndex == 0. Name: [UChannel] ChIndex: 0, Closing: 0 [UNetConnection] RemoteAddr: 127.0.0.1:63043, Name: IpConnection_3, Driver: GameNetDriver IpNetDriver_0, IsServer: YES, PC: None, Owner: None
[2018.03.16-16.03.56:119][664]LogNet: UChannel::CleanUp: ChIndex == 0. Closing connection. [UChannel] ChIndex: 0, Closing: 0 [UNetConnection] RemoteAddr: 127.0.0.1:63042, Name: IpConnection_2, Driver: GameNetDriver IpNetDriver_0, IsServer: YES, PC: None, Owner: None
[2018.03.16-16.03.56:119][664]LogNet: UNetConnection::Close: [UNetConnection] RemoteAddr: 127.0.0.1:63042, Name: IpConnection_2, Driver: GameNetDriver IpNetDriver_0, IsServer: YES, PC: None, Owner: None, Channels: 2, Time: 2018.03.16-16.03.56
[2018.03.16-16.03.56:119][664]LogNet: UChannel::Close: Sending CloseBunch. ChIndex == 0. Name: [UChannel] ChIndex: 0, Closing: 0 [UNetConnection] RemoteAddr: 127.0.0.1:63042, Name: IpConnection_2, Driver: GameNetDriver IpNetDriver_0, IsServer: YES, PC: None, Owner: None
[2018.03.16-16.03.56:119][664]LogNet: UChannel::CleanUp: ChIndex == 0. Closing connection. [UChannel] ChIndex: 0, Closing: 0 [UNetConnection] RemoteAddr: 127.0.0.1:17777, Name: IpConnection_1, Driver: GameNetDriver IpNetDriver_2, IsServer: NO, PC: None, Owner: None
[2018.03.16-16.03.56:119][664]LogNet: UNetConnection::Close: [UNetConnection] RemoteAddr: 127.0.0.1:17777, Name: IpConnection_1, Driver: GameNetDriver IpNetDriver_2, IsServer: NO, PC: None, Owner: None, Channels: 2, Time: 2018.03.16-16.03.56
[2018.03.16-16.03.56:119][664]LogNet: UChannel::Close: Sending CloseBunch. ChIndex == 0. Name: [UChannel] ChIndex: 0, Closing: 0 [UNetConnection] RemoteAddr: 127.0.0.1:17777, Name: IpConnection_1, Driver: GameNetDriver IpNetDriver_2, IsServer: NO, PC: None, Owner: None
[2018.03.16-16.03.56:119][664]LogNet: UChannel::CleanUp: ChIndex == 0. Closing connection. [UChannel] ChIndex: 0, Closing: 0 [UNetConnection] RemoteAddr: 127.0.0.1:17777, Name: IpConnection_0, Driver: GameNetDriver IpNetDriver_1, IsServer: NO, PC: None, Owner: None
[2018.03.16-16.03.56:119][664]LogNet: UNetConnection::Close: [UNetConnection] RemoteAddr: 127.0.0.1:17777, Name: IpConnection_0, Driver: GameNetDriver IpNetDriver_1, IsServer: NO, PC: None, Owner: None, Channels: 2, Time: 2018.03.16-16.03.56
[2018.03.16-16.03.56:119][664]LogNet: UChannel::Close: Sending CloseBunch. ChIndex == 0. Name: [UChannel] ChIndex: 0, Closing: 0 [UNetConnection] RemoteAddr: 127.0.0.1:17777, Name: IpConnection_0, Driver: GameNetDriver IpNetDriver_1, IsServer: NO, PC: None, Owner: None
[2018.03.16-16.03.56:122][664]LogExit: GameNetDriver None shut down
[2018.03.16-16.03.56:122][664]LogExit: GameNetDriver None shut down
[2018.03.16-16.03.56:123][664]LogExit: GameNetDriver None shut down
[2018.03.16-16.03.57:253][777]LogWindowsTextInputMethodSystem: Display: IME system now deactivated.
[2018.03.16-16.03.57:447][778]Cmd: QUIT_EDITOR
[2018.03.16-16.03.58:324][778]LogExit: Preparing to exit.
[2018.03.16-16.03.58:728][778]LogDirectoryWatcher: A directory notification for 'C:/Users/jonjo/Documents/GitHub/Game/Content/' was aborted.
[2018.03.16-16.03.58:751][778]LogExit: Editor shut down
[2018.03.16-16.03.58:755][778]LogExit: Transaction tracking system shut down
[2018.03.16-16.03.58:969][778]LogDirectoryWatcher: A directory notification for '../../../Engine/Content/' was aborted.
[2018.03.16-16.03.58:969][778]LogDirectoryWatcher: A directory notification for '../../../../../../Users/jonjo/Documents/GitHub/Game/Content/' was aborted.
[2018.03.16-16.03.58:969][778]LogDirectoryWatcher: A directory notification for '../../../Engine/Plugins/2D/Paper2D/Content/' was aborted.
[2018.03.16-16.03.58:969][778]LogDirectoryWatcher: A directory notification for '../../../Engine/Plugins/Media/MediaCompositing/Content/' was aborted.
[2018.03.16-16.03.58:969][778]LogDirectoryWatcher: A directory notification for '../../../Engine/Plugins/Runtime/AppleARKit/Content/' was aborted.
[2018.03.16-16.03.58:969][778]LogDirectoryWatcher: A directory notification for '../../../Engine/Plugins/Runtime/Oculus/OculusVR/Content/' was aborted.
[2018.03.16-16.03.58:969][778]LogDirectoryWatcher: A directory notification for '../../../Engine/Plugins/Runtime/Steam/SteamVR/Content/' was aborted.
[2018.03.16-16.03.59:014][778]LogExit: Object subsystem successfully closed.
[2018.03.16-16.03.59:023][778]LogD3D11RHI: Shutdown
[2018.03.16-16.03.59:023][778]LogD3D11RHI: CleanupD3DDevice
[2018.03.16-16.03.59:026][778]LogD3D11RHI: ~FD3D11DynamicRHI
[2018.03.16-16.03.59:040][778]LogModuleManager: Shutting down and abandoning module HierarchicalLODOutliner (548)
[2018.03.16-16.03.59:040][778]LogModuleManager: Shutting down and abandoning module SceneOutliner (546)
[2018.03.16-16.03.59:040][778]LogModuleManager: Shutting down and abandoning module AddContentDialog (544)
[2018.03.16-16.03.59:040][778]LogDirectoryWatcher: A directory notification for 'C:/Program Files/Epic Games/UE_4.18/FeaturePacks/' was aborted.
[2018.03.16-16.03.59:042][778]LogModuleManager: Shutting down and abandoning module WidgetCarousel (543)
[2018.03.16-16.03.59:042][778]LogModuleManager: Shutting down and abandoning module EditorWidgets (540)
[2018.03.16-16.03.59:042][778]LogModuleManager: Shutting down and abandoning module CollectionManager (538)
[2018.03.16-16.03.59:042][778]LogDirectoryWatcher: A directory notification for 'C:/Users/jonjo/Documents/GitHub/Game/Content/Collections/' was aborted.
[2018.03.16-16.03.59:042][778]LogDirectoryWatcher: A directory notification for 'C:/Users/jonjo/Documents/GitHub/Game/Content/Developers/jonjo/Collections/' was aborted.
[2018.03.16-16.03.59:042][778]LogDirectoryWatcher: A directory notification for 'C:/Users/jonjo/Documents/GitHub/Game/Saved/Collections/' was aborted.
[2018.03.16-16.03.59:042][778]LogModuleManager: Shutting down and abandoning module StatsViewer (536)
[2018.03.16-16.03.59:042][778]LogModuleManager: Shutting down and abandoning module FoliageEdit (534)
[2018.03.16-16.03.59:042][778]LogModuleManager: Shutting down and abandoning module LandscapeEditor (532)
[2018.03.16-16.03.59:042][778]LogModuleManager: Shutting down and abandoning module MeshPaintMode (530)
[2018.03.16-16.03.59:042][778]LogModuleManager: Shutting down and abandoning module SceneDepthPickerMode (528)
[2018.03.16-16.03.59:042][778]LogModuleManager: Shutting down and abandoning module ActorPickerMode (526)
[2018.03.16-16.03.59:042][778]LogModuleManager: Shutting down and abandoning module GeometryMode (524)
[2018.03.16-16.03.59:042][778]LogModuleManager: Shutting down and abandoning module TextureAlignMode (522)
[2018.03.16-16.03.59:042][778]LogModuleManager: Shutting down and abandoning module BspMode (520)
[2018.03.16-16.03.59:042][778]LogModuleManager: Shutting down and abandoning module PIEPreviewDeviceProfileSelector (518)
[2018.03.16-16.03.59:042][778]LogModuleManager: Shutting down and abandoning module HardwareSurvey (516)
[2018.03.16-16.03.59:042][778]LogModuleManager: Shutting down and abandoning module SequenceRecorderSections (514)
[2018.03.16-16.03.59:042][778]LogModuleManager: Shutting down and abandoning module AutomationWorker (512)
[2018.03.16-16.03.59:042][778]LogModuleManager: Shutting down and abandoning module MatineeToLevelSequence (510)
[2018.03.16-16.03.59:042][778]LogModuleManager: Shutting down and abandoning module LevelSequenceEditor (508)
[2018.03.16-16.03.59:043][778]LogModuleManager: Shutting down and abandoning module PlacementMode (507)
[2018.03.16-16.03.59:043][778]LogModuleManager: Shutting down and abandoning module WmfMediaFactory (504)
[2018.03.16-16.03.59:043][778]LogModuleManager: Shutting down and abandoning module WmfMediaEditor (502)
[2018.03.16-16.03.59:043][778]LogModuleManager: Shutting down and abandoning module OpenExrWrapper (500)
[2018.03.16-16.03.59:043][778]LogModuleManager: Shutting down and abandoning module ImgMediaFactory (498)
[2018.03.16-16.03.59:043][778]LogModuleManager: Shutting down and abandoning module ImgMediaEditor (496)
[2018.03.16-16.03.59:043][778]LogModuleManager: Shutting down and abandoning module AvfMediaFactory (494)
[2018.03.16-16.03.59:043][778]LogModuleManager: Shutting down and abandoning module AvfMediaEditor (492)
[2018.03.16-16.03.59:043][778]LogModuleManager: Shutting down and abandoning module AndroidMediaFactory (490)
[2018.03.16-16.03.59:043][778]LogModuleManager: Shutting down and abandoning module AndroidMediaEditor (488)
[2018.03.16-16.03.59:043][778]LogModuleManager: Shutting down and abandoning module CharacterAI (486)
[2018.03.16-16.03.59:043][778]LogModuleManager: Shutting down and abandoning module AudioCapture (484)
[2018.03.16-16.03.59:043][778]LogModuleManager: Shutting down and abandoning module SequenceRecorder (483)
[2018.03.16-16.03.59:043][778]LogModuleManager: Shutting down and abandoning module SmartSnapping (480)
[2018.03.16-16.03.59:043][778]LogModuleManager: Shutting down and abandoning module SessionServices (478)
[2018.03.16-16.03.59:043][778]LogModuleManager: Shutting down and abandoning module ViewportSnapping (476)
[2018.03.16-16.03.59:043][778]LogModuleManager: Shutting down and abandoning module ViewportInteraction (474)
[2018.03.16-16.03.59:043][778]LogModuleManager: Shutting down and abandoning module ClothPainter (472)
[2018.03.16-16.03.59:043][778]LogModuleManager: Shutting down and abandoning module SkeletalMeshEditor (471)
[2018.03.16-16.03.59:043][778]LogModuleManager: Shutting down and abandoning module LogVisualizer (468)
[2018.03.16-16.03.59:043][778]LogModuleManager: Shutting down and abandoning module IntroTutorials (466)
[2018.03.16-16.03.59:043][778]LogModuleManager: Shutting down and abandoning module GameProjectGeneration (465)
[2018.03.16-16.03.59:043][778]LogModuleManager: Shutting down and abandoning module IOSPlatformEditor (462)
[2018.03.16-16.03.59:043][778]LogModuleManager: Shutting down and abandoning module HTML5PlatformEditor (460)
[2018.03.16-16.03.59:043][778]LogModuleManager: Shutting down and abandoning module AndroidPlatformEditor (458)
[2018.03.16-16.03.59:043][778]LogModuleManager: Shutting down and abandoning module AndroidDeviceDetection (457)
[2018.03.16-16.03.59:462][778]LogModuleManager: Shutting down and abandoning module WindowsPlatformEditor (454)
[2018.03.16-16.03.59:462][778]LogModuleManager: Shutting down and abandoning module IOSRuntimeSettings (452)
[2018.03.16-16.03.59:462][778]LogModuleManager: Shutting down and abandoning module AndroidRuntimeSettings (450)
[2018.03.16-16.03.59:462][778]LogModuleManager: Shutting down and abandoning module InputBindingEditor (448)
[2018.03.16-16.03.59:462][778]LogModuleManager: Shutting down and abandoning module MergeActors (446)
[2018.03.16-16.03.59:462][778]LogModuleManager: Shutting down and abandoning module SizeMap (444)
[2018.03.16-16.03.59:462][778]LogModuleManager: Shutting down and abandoning module TreeMap (442)
[2018.03.16-16.03.59:462][778]LogModuleManager: Shutting down and abandoning module ReferenceViewer (440)
[2018.03.16-16.03.59:462][778]LogModuleManager: Shutting down and abandoning module LocalizationDashboard (438)
[2018.03.16-16.03.59:462][778]LogModuleManager: Shutting down and abandoning module LocalizationService (437)
[2018.03.16-16.03.59:462][778]LogModuleManager: Shutting down and abandoning module HardwareTargeting (434)
[2018.03.16-16.03.59:462][778]LogModuleManager: Shutting down and abandoning module DeviceProfileEditor (432)
[2018.03.16-16.03.59:462][778]LogModuleManager: Shutting down and abandoning module UndoHistory (430)
[2018.03.16-16.03.59:462][778]LogModuleManager: Shutting down and abandoning module XmlParser (428)
[2018.03.16-16.03.59:462][778]LogModuleManager: Shutting down and abandoning module Blutility (426)
[2018.03.16-16.03.59:462][778]LogModuleManager: Shutting down and abandoning module ProjectSettingsViewer (424)
[2018.03.16-16.03.59:462][778]LogModuleManager: Shutting down and abandoning module ProjectTargetPlatformEditor (423)
[2018.03.16-16.03.59:463][778]LogModuleManager: Shutting down and abandoning module EditorSettingsViewer (420)
[2018.03.16-16.03.59:463][778]LogModuleManager: Shutting down and abandoning module SettingsEditor (418)
[2018.03.16-16.03.59:463][778]LogModuleManager: Shutting down and abandoning module ProjectLauncher (416)
[2018.03.16-16.03.59:463][778]LogModuleManager: Shutting down and abandoning module SessionFrontend (414)
[2018.03.16-16.03.59:463][778]LogModuleManager: Shutting down and abandoning module ProfilerClient (412)
[2018.03.16-16.03.59:463][778]LogModuleManager: Shutting down and abandoning module DeviceManager (410)
[2018.03.16-16.03.59:463][778]LogModuleManager: Shutting down and abandoning module TargetDeviceServices (409)
[2018.03.16-16.03.59:515][778]LogModuleManager: Shutting down and abandoning module AutomationController (406)
[2018.03.16-16.03.59:515][778]LogModuleManager: Shutting down and abandoning module AutomationWindow (404)
[2018.03.16-16.03.59:515][778]LogModuleManager: Shutting down and abandoning module Layers (402)
[2018.03.16-16.03.59:515][778]LogModuleManager: Shutting down and abandoning module ComponentVisualizers (400)
[2018.03.16-16.03.59:515][778]LogModuleManager: Shutting down and abandoning module DetailCustomizations (398)
[2018.03.16-16.03.59:515][778]LogModuleManager: Shutting down and abandoning module PackagesDialog (396)
[2018.03.16-16.03.59:515][778]LogModuleManager: Shutting down and abandoning module Persona (394)
[2018.03.16-16.03.59:515][778]LogModuleManager: Shutting down and abandoning module AdvancedPreviewScene (393)
[2018.03.16-16.03.59:515][778]LogModuleManager: Shutting down and abandoning module AnimGraph (391)
[2018.03.16-16.03.59:515][778]LogModuleManager: Shutting down and abandoning module Kismet (388)
[2018.03.16-16.03.59:516][778]LogModuleManager: Shutting down and abandoning module ClassViewer (386)
[2018.03.16-16.03.59:516][778]LogModuleManager: Shutting down and abandoning module Toolbox (384)
[2018.03.16-16.03.59:516][778]LogModuleManager: Shutting down and abandoning module ModuleUI (382)
[2018.03.16-16.03.59:516][778]LogModuleManager: Shutting down and abandoning module MovieSceneTools (380)
[2018.03.16-16.03.59:516][778]LogModuleManager: Shutting down and abandoning module OutputLog (378)
[2018.03.16-16.03.59:516][778]LogModuleManager: Shutting down and abandoning module GammaUI (376)
[2018.03.16-16.03.59:516][778]LogModuleManager: Shutting down and abandoning module Documentation (374)
[2018.03.16-16.03.59:516][778]LogModuleManager: Shutting down and abandoning module MovieSceneTracks (372)
[2018.03.16-16.03.59:516][778]LogModuleManager: Shutting down and abandoning module MovieScene (370)
[2018.03.16-16.03.59:516][778]LogModuleManager: Shutting down and abandoning module StreamingPauseRendering (368)
[2018.03.16-16.03.59:516][778]LogModuleManager: Shutting down and abandoning module LauncherPlatform (366)
[2018.03.16-16.03.59:516][778]LogModuleManager: Shutting down and abandoning module AnalyticsET (364)
[2018.03.16-16.03.59:516][778]LogModuleManager: Shutting down and abandoning module PortalServices (362)
[2018.03.16-16.03.59:516][778]LogModuleManager: Shutting down and abandoning module PortalRpc (360)
[2018.03.16-16.03.59:516][778]LogModuleManager: Shutting down and abandoning module MessagingRpc (358)
[2018.03.16-16.03.59:517][778]LogModuleManager: Shutting down and abandoning module AIModule (356)
[2018.03.16-16.03.59:517][778]LogModuleManager: Shutting down and abandoning module GameplayDebugger (355)
[2018.03.16-16.03.59:517][778]LogModuleManager: Shutting down and abandoning module AITestSuite (353)
[2018.03.16-16.03.59:517][778]LogModuleManager: Shutting down and abandoning module DesktopPlatform (350)
[2018.03.16-16.03.59:517][778]LogModuleManager: Shutting down and abandoning module ProfilerService (348)
[2018.03.16-16.03.59:646][778]LogModuleManager: Shutting down and abandoning module TaskGraph (346)
[2018.03.16-16.03.59:646][778]LogModuleManager: Shutting down and abandoning module SteamVRController (344)
[2018.03.16-16.03.59:646][778]LogModuleManager: Shutting down and abandoning module ProceduralMeshComponentEditor (342)
[2018.03.16-16.03.59:646][778]LogModuleManager: Shutting down and abandoning module ProceduralMeshComponent (340)
[2018.03.16-16.03.59:646][778]LogModuleManager: Shutting down and abandoning module OculusInput (338)
[2018.03.16-16.03.59:646][778]LogModuleManager: Shutting down and abandoning module MobilePatchingUtils (336)
[2018.03.16-16.03.59:646][778]LogModuleManager: Shutting down and abandoning module CustomMeshComponent (334)
[2018.03.16-16.03.59:646][778]LogModuleManager: Shutting down and abandoning module CableComponent (332)
[2018.03.16-16.03.59:646][778]LogModuleManager: Shutting down and abandoning module ArchVisCharacter (330)
[2018.03.16-16.03.59:646][778]LogModuleManager: Shutting down and abandoning module AndroidPermission (328)
[2018.03.16-16.03.59:646][778]LogModuleManager: Shutting down and abandoning module ActorSequence (324)
[2018.03.16-16.03.59:646][778]LogModuleManager: Shutting down and abandoning module MediaPlayerEditor (322)
[2018.03.16-16.03.59:647][778]LogModuleManager: Shutting down and abandoning module MediaCompositingEditor (320)
[2018.03.16-16.03.59:647][778]LogModuleManager: Shutting down and abandoning module MediaCompositing (318)
[2018.03.16-16.03.59:647][778]LogModuleManager: Shutting down and abandoning module HTML5Networking (316)
[2018.03.16-16.03.59:647][778]LogModuleManager: Shutting down and abandoning module AlembicImporter (314)
[2018.03.16-16.03.59:647][778]LogModuleManager: Shutting down and abandoning module AlembicLibrary (313)
[2018.03.16-16.03.59:647][778]LogModuleManager: Shutting down and abandoning module GeometryCache (312)
[2018.03.16-16.03.59:647][778]LogModuleManager: Shutting down and abandoning module GeometryCacheEd (311)
[2018.03.16-16.03.59:647][778]LogModuleManager: Shutting down and abandoning module SpeedTreeImporter (306)
[2018.03.16-16.03.59:647][778]LogModuleManager: Shutting down and abandoning module PluginBrowser (304)
[2018.03.16-16.03.59:647][778]LogModuleManager: Shutting down and abandoning module MobileLauncherProfileWizard (302)
[2018.03.16-16.03.59:647][778]LogModuleManager: Shutting down and abandoning module VisualStudioSourceCodeAccess (300)
[2018.03.16-16.03.59:647][778]LogModuleManager: Shutting down and abandoning module VisualStudioCodeSourceCodeAccess (298)
[2018.03.16-16.03.59:647][778]LogModuleManager: Shutting down and abandoning module UObjectPlugin (296)
[2018.03.16-16.03.59:647][778]LogModuleManager: Shutting down and abandoning module SubversionSourceControl (294)
[2018.03.16-16.03.59:647][778]LogModuleManager: Shutting down and abandoning module PerforceSourceControl (292)
[2018.03.16-16.03.59:647][778]LogModuleManager: Shutting down and abandoning module GitSourceControl (290)
[2018.03.16-16.03.59:647][778]LogModuleManager: Shutting down and abandoning module SourceControl (289)
[2018.03.16-16.03.59:647][778]LogModuleManager: Shutting down and abandoning module LightPropagationVolumeEditor (286)
[2018.03.16-16.03.59:647][778]LogModuleManager: Shutting down and abandoning module PaperTiledImporter (284)
[2018.03.16-16.03.59:647][778]LogModuleManager: Shutting down and abandoning module PaperSpriteSheetImporter (282)
[2018.03.16-16.03.59:647][778]LogModuleManager: Shutting down and abandoning module Paper2DEditor (280)
[2018.03.16-16.03.59:647][778]LogModuleManager: Shutting down and abandoning module MeshPaint (279)
[2018.03.16-16.03.59:647][778]LogModuleManager: Shutting down and abandoning module LevelEditor (277)
[2018.03.16-16.03.59:648][778]LogModuleManager: Shutting down and abandoning module PixelInspectorModule (276)
[2018.03.16-16.03.59:648][778]LogModuleManager: Shutting down and abandoning module MainFrame (274)
[2018.03.16-16.03.59:648][778]LogModuleManager: Shutting down and abandoning module HotReload (273)
[2018.03.16-16.03.59:648][778]LogModuleManager: Shutting down and abandoning module RuntimePhysXCooking (268)
[2018.03.16-16.03.59:648][778]LogModuleManager: Shutting down and abandoning module PhysXVehiclesEditor (266)
[2018.03.16-16.03.59:648][778]LogModuleManager: Shutting down and abandoning module PhysXVehicles (264)
[2018.03.16-16.03.59:648][778]LogModuleManager: Shutting down and abandoning module OculusEditor (262)
[2018.03.16-16.03.59:648][778]LogModuleManager: Shutting down and abandoning module LocationServicesBPLibrary (260)
[2018.03.16-16.03.59:648][778]LogModuleManager: Shutting down and abandoning module ImmediatePhysicsEditor (258)
[2018.03.16-16.03.59:648][778]LogModuleManager: Shutting down and abandoning module ImmediatePhysics (256)
[2018.03.16-16.03.59:648][778]LogModuleManager: Shutting down and abandoning module UdpMessaging (254)
[2018.03.16-16.03.59:749][778]LogModuleManager: Shutting down and abandoning module TcpMessaging (252)
[2018.03.16-16.03.59:850][778]LogModuleManager: Shutting down and abandoning module GameplayTagsEditor (250)
[2018.03.16-16.03.59:850][778]LogModuleManager: Shutting down and abandoning module FacialAnimationEditor (248)
[2018.03.16-16.03.59:850][778]LogModuleManager: Shutting down and abandoning module FacialAnimation (246)
[2018.03.16-16.03.59:850][778]LogModuleManager: Shutting down and abandoning module AssetManagerEditor (244)
[2018.03.16-16.03.59:850][778]LogModuleManager: Shutting down and abandoning module GraphEditor (243)
[2018.03.16-16.03.59:850][778]LogModuleManager: Shutting down and abandoning module ContentBrowser (241)
[2018.03.16-16.03.59:851][778]LogModuleManager: Shutting down and abandoning module LightPropagationVolumeRuntime (238)
[2018.03.16-16.03.59:851][778]LogModuleManager: Shutting down and abandoning module Paper2D (236)
[2018.03.16-16.03.59:851][778]LogModuleManager: Shutting down and abandoning module WindowsMoviePlayer (234)
[2018.03.16-16.03.59:851][778]LogModuleManager: Shutting down and abandoning module WmfMedia (232)
[2018.03.16-16.03.59:854][778]LogModuleManager: Shutting down and abandoning module ImgMedia (230)
[2018.03.16-16.03.59:854][778]LogModuleManager: Shutting down and abandoning module PacketHandler (228)
[2018.03.16-16.03.59:854][778]LogModuleManager: Shutting down and abandoning module ClothingSystemEditor (226)
[2018.03.16-16.03.59:854][778]LogModuleManager: Shutting down and abandoning module ClothingSystemRuntime (224)
[2018.03.16-16.03.59:854][778]LogModuleManager: Shutting down and abandoning module MediaAssets (222)
[2018.03.16-16.03.59:854][778]LogModuleManager: Shutting down and abandoning module Media (221)
[2018.03.16-16.03.59:860][778]LogModuleManager: Shutting down and abandoning module Overlay (218)
[2018.03.16-16.03.59:861][778]LogModuleManager: Shutting down and abandoning module OverlayEditor (217)
[2018.03.16-16.03.59:861][778]LogModuleManager: Shutting down and abandoning module VREditor (214)
[2018.03.16-16.03.59:861][778]LogModuleManager: Shutting down and abandoning module StringTableEditor (212)
[2018.03.16-16.03.59:861][778]LogModuleManager: Shutting down and abandoning module GameplayTasksEditor (210)
[2018.03.16-16.03.59:861][778]LogModuleManager: Shutting down and abandoning module BehaviorTreeEditor (208)
[2018.03.16-16.03.59:861][778]LogModuleManager: Shutting down and abandoning module FunctionalTesting (206)
[2018.03.16-16.03.59:861][778]LogModuleManager: Shutting down and abandoning module CollisionAnalyzer (204)
[2018.03.16-16.03.59:861][778]LogModuleManager: Shutting down and abandoning module WorkspaceMenuStructure (203)
[2018.03.16-16.03.59:861][778]LogModuleManager: Shutting down and abandoning module UMG (200)
[2018.03.16-16.03.59:861][778]LogModuleManager: Shutting down and abandoning module UMGEditor (199)
[2018.03.16-16.03.59:861][778]LogModuleManager: Shutting down and abandoning module Sequencer (198)
[2018.03.16-16.03.59:861][778]LogModuleManager: Shutting down and abandoning module MessageLog (195)
[2018.03.16-16.03.59:861][778]LogModuleManager: Shutting down and abandoning module SlateReflector (190)
[2018.03.16-16.03.59:861][778]LogModuleManager: Shutting down and abandoning module Slate (188)
[2018.03.16-16.03.59:861][778]LogModuleManager: Shutting down and abandoning module EditorStyle (186)
[2018.03.16-16.03.59:863][778]LogModuleManager: Shutting down and abandoning module MRMesh (184)
[2018.03.16-16.03.59:863][778]LogModuleManager: Shutting down and abandoning module SourceCodeAccess (182)
[2018.03.16-16.03.59:863][778]LogModuleManager: Shutting down and abandoning module HeadMountedDisplay (180)
[2018.03.16-16.03.59:863][778]LogModuleManager: Shutting down and abandoning module XAudio2 (178)
[2018.03.16-16.03.59:863][778]LogModuleManager: Shutting down and abandoning module Networking (176)
[2018.03.16-16.03.59:863][778]LogModuleManager: Shutting down and abandoning module Core (172)
[2018.03.16-16.03.59:863][778]LogModuleManager: Shutting down and abandoning module LevelSequence (168)
[2018.03.16-16.03.59:863][778]LogModuleManager: Shutting down and abandoning module DirectoryWatcher (166)
[2018.03.16-16.03.59:864][778]LogModuleManager: Shutting down and abandoning module KismetCompiler (164)
[2018.03.16-16.03.59:864][778]LogModuleManager: Shutting down and abandoning module MeshUtilities (162)
[2018.03.16-16.03.59:864][778]LogModuleManager: Shutting down and abandoning module MeshMergeUtilities (161)
[2018.03.16-16.03.59:864][778]LogModuleManager: Shutting down and abandoning module MeshReductionInterface (160)
[2018.03.16-16.03.59:864][778]LogModuleManager: Shutting down and abandoning module SimplygonSwarm (159)
[2018.03.16-16.03.59:864][778]LogModuleManager: Shutting down and abandoning module SimplygonMeshReduction (157)
[2018.03.16-16.03.59:864][778]LogModuleManager: Shutting down and abandoning module QuadricMeshReduction (155)
[2018.03.16-16.03.59:864][778]LogModuleManager: Shutting down and abandoning module MaterialBaking (151)
[2018.03.16-16.03.59:864][778]LogModuleManager: Shutting down and abandoning module DerivedDataCache (148)
[2018.03.16-16.04.00:372][778]LogDerivedDataCache: Shutdown
[2018.03.16-16.04.00:372][778]LogModuleManager: Shutting down and abandoning module TargetPlatform (146)
[2018.03.16-16.04.00:372][778]LogModuleManager: Shutting down and abandoning module VulkanShaderFormat (145)
[2018.03.16-16.04.00:372][778]LogModuleManager: Shutting down and abandoning module ShaderFormatVectorVM (143)
[2018.03.16-16.04.00:372][778]LogModuleManager: Shutting down and abandoning module ShaderFormatOpenGL (141)
[2018.03.16-16.04.00:372][778]LogModuleManager: Shutting down and abandoning module ShaderFormatD3D (139)
[2018.03.16-16.04.00:372][778]LogModuleManager: Shutting down and abandoning module MetalShaderFormat (137)
[2018.03.16-16.04.00:372][778]LogModuleManager: Shutting down and abandoning module TextureFormatUncompressed (135)
[2018.03.16-16.04.00:372][778]LogModuleManager: Shutting down and abandoning module TextureFormatPVR (133)
[2018.03.16-16.04.00:372][778]LogModuleManager: Shutting down and abandoning module TextureFormatDXT (131)
[2018.03.16-16.04.00:372][778]LogModuleManager: Shutting down and abandoning module TextureFormatIntelISPCTexComp (129)
[2018.03.16-16.04.00:372][778]LogModuleManager: Shutting down and abandoning module TextureFormatASTC (127)
[2018.03.16-16.04.00:372][778]LogModuleManager: Shutting down and abandoning module ImageWrapper (126)
[2018.03.16-16.04.00:372][778]LogModuleManager: Shutting down and abandoning module TextureFormatAndroid (123)
[2018.03.16-16.04.00:372][778]LogModuleManager: Shutting down and abandoning module AudioFormatOpus (121)
[2018.03.16-16.04.00:372][778]LogModuleManager: Shutting down and abandoning module AudioFormatOgg (119)
[2018.03.16-16.04.00:372][778]LogModuleManager: Shutting down and abandoning module AudioFormatADPCM (117)
[2018.03.16-16.04.00:372][778]LogModuleManager: Shutting down and abandoning module LinuxTargetPlatform (115)
[2018.03.16-16.04.00:372][778]LogModuleManager: Shutting down and abandoning module LinuxServerTargetPlatform (113)
[2018.03.16-16.04.00:372][778]LogModuleManager: Shutting down and abandoning module LinuxNoEditorTargetPlatform (111)
[2018.03.16-16.04.00:372][778]LogModuleManager: Shutting down and abandoning module LinuxClientTargetPlatform (109)
[2018.03.16-16.04.00:372][778]LogModuleManager: Shutting down and abandoning module TVOSTargetPlatform (107)
[2018.03.16-16.04.00:373][778]LogModuleManager: Shutting down and abandoning module Messaging (105)
[2018.03.16-16.04.00:373][778]LogModuleManager: Shutting down and abandoning module IOSTargetPlatform (103)
[2018.03.16-16.04.00:373][778]LogModuleManager: Shutting down and abandoning module HTML5TargetPlatform (101)
[2018.03.16-16.04.00:373][778]LogModuleManager: Shutting down and abandoning module AndroidTargetPlatform (99)
[2018.03.16-16.04.00:373][778]LogModuleManager: Shutting down and abandoning module Android_PVRTCTargetPlatform (97)
[2018.03.16-16.04.00:373][778]LogModuleManager: Shutting down and abandoning module Android_MultiTargetPlatform (95)
[2018.03.16-16.04.00:373][778]LogModuleManager: Shutting down and abandoning module Android_ETC2TargetPlatform (93)
[2018.03.16-16.04.00:373][778]LogModuleManager: Shutting down and abandoning module Android_ETC1TargetPlatform (91)
[2018.03.16-16.04.00:373][778]LogModuleManager: Shutting down and abandoning module Android_DXTTargetPlatform (89)
[2018.03.16-16.04.00:373][778]LogModuleManager: Shutting down and abandoning module Android_ATCTargetPlatform (87)
[2018.03.16-16.04.00:373][778]LogModuleManager: Shutting down and abandoning module Android_ASTCTargetPlatform (85)
[2018.03.16-16.04.00:373][778]LogModuleManager: Shutting down and abandoning module WindowsTargetPlatform (83)
[2018.03.16-16.04.00:373][778]LogModuleManager: Shutting down and abandoning module WindowsServerTargetPlatform (81)
[2018.03.16-16.04.00:373][778]LogModuleManager: Shutting down and abandoning module WindowsNoEditorTargetPlatform (79)
[2018.03.16-16.04.00:373][778]LogModuleManager: Shutting down and abandoning module WindowsClientTargetPlatform (77)
[2018.03.16-16.04.00:373][778]LogModuleManager: Shutting down and abandoning module MacTargetPlatform (75)
[2018.03.16-16.04.00:373][778]LogModuleManager: Shutting down and abandoning module MacServerTargetPlatform (73)
[2018.03.16-16.04.00:373][778]LogModuleManager: Shutting down and abandoning module MacNoEditorTargetPlatform (71)
[2018.03.16-16.04.00:373][778]LogModuleManager: Shutting down and abandoning module MacClientTargetPlatform (69)
[2018.03.16-16.04.00:373][778]LogModuleManager: Shutting down and abandoning module AllDesktopTargetPlatform (67)
[2018.03.16-16.04.00:373][778]LogModuleManager: Shutting down and abandoning module InputCore (64)
[2018.03.16-16.04.00:373][778]LogModuleManager: Shutting down and abandoning module Settings (62)
[2018.03.16-16.04.00:373][778]LogModuleManager: Shutting down and abandoning module PhysXCooking (60)
[2018.03.16-16.04.00:373][778]LogModuleManager: Shutting down and abandoning module SteamVR (58)
[2018.03.16-16.04.00:373][778]LogModuleManager: Shutting down and abandoning module OculusHMD (56)
[2018.03.16-16.04.00:373][778]LogModuleManager: Shutting down and abandoning module ExampleDeviceProfileSelector (54)
[2018.03.16-16.04.00:373][778]LogModuleManager: Shutting down and abandoning module AppleARKit (52)
[2018.03.16-16.04.00:373][778]LogModuleManager: Shutting down and abandoning module AugmentedReality (51)
[2018.03.16-16.04.00:373][778]LogModuleManager: Shutting down and abandoning module OnlineBlueprintSupport (48)
[2018.03.16-16.04.00:373][778]LogModuleManager: Shutting down and abandoning module OnlineSubsystem (44)
[2018.03.16-16.04.00:373][778]LogModuleManager: Shutting down and abandoning module XMPP (43)
[2018.03.16-16.04.00:373][778]LogModuleManager: Shutting down and abandoning module HTTP (41)
[2018.03.16-16.04.00:373][778]LogHttp: Display: Http module shutting down, but needs to wait on 1 outstanding Http requests:
[2018.03.16-16.04.00:373][778]LogHttp: Display: 	verb=[POST] url=[https://datarouter.ol.epicgames.com/datarouter/api/v1/public/data?SessionID=%7BAD38100D-4EEC-AAC3-2C8B-E4BF71F435A7%7D&AppID=UEEditor.Rocket.Release&AppVersion=4.18.3-3832480%2B%2B%2BUE4%2BRelease-4.18&UserID=e8be4ff4434c895329d595bc8ced21e5%7Ce2814884b8c94d4da177844b77aa6a55%7C8d70f9d5-61d0-465b-8f08-52cdb571df4f&AppEnvironment=datacollector-binary&UploadType=eteventstream] status=Processing
[2018.03.16-16.04.00:379][778]LogModuleManager: Shutting down and abandoning module SSL (40)
[2018.03.16-16.04.00:380][778]LogModuleManager: Shutting down and abandoning module AnimationModifiers (36)
[2018.03.16-16.04.00:380][778]LogModuleManager: Shutting down and abandoning module PropertyEditor (35)
[2018.03.16-16.04.00:380][778]LogModuleManager: Shutting down and abandoning module AudioEditor (32)
[2018.03.16-16.04.00:380][778]LogModuleManager: Shutting down and abandoning module TextureCompressor (30)
[2018.03.16-16.04.00:380][778]LogModuleManager: Shutting down and abandoning module ShaderCore (28)
[2018.03.16-16.04.00:380][778]LogModuleManager: Shutting down and abandoning module Landscape (26)
[2018.03.16-16.04.00:380][778]LogModuleManager: Shutting down and abandoning module SlateRHIRenderer (24)
[2018.03.16-16.04.00:382][778]LogModuleManager: Shutting down and abandoning module OpenGLDrv (22)
[2018.03.16-16.04.00:382][778]LogModuleManager: Shutting down and abandoning module D3D11RHI (20)
[2018.03.16-16.04.00:382][778]LogModuleManager: Shutting down and abandoning module AnimGraphRuntime (18)
[2018.03.16-16.04.00:382][778]LogModuleManager: Shutting down and abandoning module Renderer (16)
[2018.03.16-16.04.00:382][778]LogModuleManager: Shutting down and abandoning module Engine (14)
[2018.03.16-16.04.00:382][778]LogModuleManager: Shutting down and abandoning module CoreUObject (12)
[2018.03.16-16.04.00:382][778]LogModuleManager: Shutting down and abandoning module NetworkFile (10)
[2018.03.16-16.04.00:382][778]LogModuleManager: Shutting down and abandoning module CookedIterativeFile (8)
[2018.03.16-16.04.00:382][778]LogModuleManager: Shutting down and abandoning module StreamingFile (6)
[2018.03.16-16.04.00:382][778]LogModuleManager: Shutting down and abandoning module SandboxFile (4)
[2018.03.16-16.04.00:382][778]LogModuleManager: Shutting down and abandoning module PakFile (2)
[2018.03.16-16.04.00:387][778]LogExit: Exiting.
[2018.03.16-16.04.00:401][778]Log file closed, 03/16/18 12:04:00
