Log file open, 03/16/18 12:16:26
LogWindows: Failed to load 'aqProf.dll' (GetLastError=126)
LogWindows: File 'aqProf.dll' does not exist
LogWindows: Failed to load 'VSPerf140.dll' (GetLastError=126)
LogWindows: File 'VSPerf140.dll' does not exist
LogWindows: Failed to load 'VtuneApi.dll' (GetLastError=126)
LogWindows: File 'VtuneApi.dll' does not exist
LogWindows: Failed to load 'VtuneApi32e.dll' (GetLastError=126)
LogWindows: File 'VtuneApi32e.dll' does not exist
LogInit: Display: Running engine for game: MyGame
LogPlatformFile: Not using cached read wrapper
LogInit: Display: RandInit(-1582497457) SRandInit(-1582497457).
LogInit: Read version file with build ID '3709383'
LogInit: Overriding engine version to CL 3832480, compatible CL 3709383
LogInit: Registered custom module enumerator with build ID '3709383'
LogTaskGraph: Started task graph with 5 named threads and 14 total threads with 3 sets of task threads.
LogStats: Stats thread started at 0.170768
LogD3D11RHI: Aftermath initialized
LogModuleManager: Display: Found up-to-date module file ../../../Engine/Plugins/2D/Paper2D/Binaries/Win64/UE4Editor-Paper2D.dll (API version 3709383).
LogModuleManager: Display: Found up-to-date module file ../../../Engine/Plugins/2D/Paper2D/Binaries/Win64/UE4Editor-Paper2DEditor.dll (API version 3709383).
LogModuleManager: Display: Found up-to-date module file ../../../Engine/Plugins/2D/Paper2D/Binaries/Win64/UE4Editor-PaperSpriteSheetImporter.dll (API version 3709383).
LogModuleManager: Display: Found up-to-date module file ../../../Engine/Plugins/2D/Paper2D/Binaries/Win64/UE4Editor-PaperTiledImporter.dll (API version 3709383).
LogModuleManager: Display: Found up-to-date module file ../../../Engine/Plugins/2D/Paper2D/Binaries/Win64/UE4Editor-SmartSnapping.dll (API version 3709383).
LogModuleManager: Display: Found up-to-date module file ../../../Engine/Plugins/Blendables/LightPropagationVolume/Binaries/Win64/UE4Editor-LightPropagationVolumeRuntime.dll (API version 3709383).
LogModuleManager: Display: Found up-to-date module file ../../../Engine/Plugins/Blendables/LightPropagationVolume/Binaries/Win64/UE4Editor-LightPropagationVolumeEditor.dll (API version 3709383).
LogModuleManager: Display: Found up-to-date module file ../../../Engine/Plugins/Developer/GitSourceControl/Binaries/Win64/UE4Editor-GitSourceControl.dll (API version 3709383).
LogModuleManager: Display: Found up-to-date module file ../../../Engine/Plugins/Developer/PerforceSourceControl/Binaries/Win64/UE4Editor-PerforceSourceControl.dll (API version 3709383).
LogModuleManager: Display: Found up-to-date module file ../../../Engine/Plugins/Developer/SubversionSourceControl/Binaries/Win64/UE4Editor-SubversionSourceControl.dll (API version 3709383).
LogModuleManager: Display: Found up-to-date module file ../../../Engine/Plugins/Developer/UObjectPlugin/Binaries/Win64/UE4Editor-UObjectPlugin.dll (API version 3709383).
LogModuleManager: Display: Found up-to-date module file ../../../Engine/Plugins/Developer/VisualStudioCodeSourceCodeAccess/Binaries/Win64/UE4Editor-VisualStudioCodeSourceCodeAccess.dll (API version 3709383).
LogModuleManager: Display: Found up-to-date module file ../../../Engine/Plugins/Developer/VisualStudioSourceCodeAccess/Binaries/Win64/UE4Editor-VisualStudioSourceCodeAccess.dll (API version 3709383).
LogModuleManager: Display: Found up-to-date module file ../../../Engine/Plugins/Editor/AssetManagerEditor/Binaries/Win64/UE4Editor-AssetManagerEditor.dll (API version 3709383).
LogModuleManager: Display: Found up-to-date module file ../../../Engine/Plugins/Editor/AudioCapture/Binaries/Win64/UE4Editor-AudioCapture.dll (API version 3709383).
LogModuleManager: Display: Found up-to-date module file ../../../Engine/Plugins/Editor/FacialAnimation/Binaries/Win64/UE4Editor-FacialAnimation.dll (API version 3709383).
LogModuleManager: Display: Found up-to-date module file ../../../Engine/Plugins/Editor/FacialAnimation/Binaries/Win64/UE4Editor-FacialAnimationEditor.dll (API version 3709383).
LogModuleManager: Display: Found up-to-date module file ../../../Engine/Plugins/Editor/GameplayTagsEditor/Binaries/Win64/UE4Editor-GameplayTagsEditor.dll (API version 3709383).
LogModuleManager: Display: Found up-to-date module file ../../../Engine/Plugins/Editor/MobileLauncherProfileWizard/Binaries/Win64/UE4Editor-MobileLauncherProfileWizard.dll (API version 3709383).
LogModuleManager: Display: Found up-to-date module file ../../../Engine/Plugins/Editor/PluginBrowser/Binaries/Win64/UE4Editor-PluginBrowser.dll (API version 3709383).
LogModuleManager: Display: Found up-to-date module file ../../../Engine/Plugins/Editor/SpeedTreeImporter/Binaries/Win64/UE4Editor-SpeedTreeImporter.dll (API version 3709383).
LogModuleManager: Display: Found up-to-date module file ../../../Engine/Plugins/Experimental/AlembicImporter/Binaries/Win64/UE4Editor-AlembicImporter.dll (API version 3709383).
LogModuleManager: Display: Found up-to-date module file ../../../Engine/Plugins/Experimental/AlembicImporter/Binaries/Win64/UE4Editor-AlembicLibrary.dll (API version 3709383).
LogModuleManager: Display: Found up-to-date module file ../../../Engine/Plugins/Experimental/CharacterAI/Binaries/Win64/UE4Editor-CharacterAI.dll (API version 3709383).
LogModuleManager: Display: Found up-to-date module file ../../../Engine/Plugins/Experimental/HTML5Networking/Binaries/Win64/UE4Editor-HTML5Networking.dll (API version 3709383).
LogModuleManager: Display: Found up-to-date module file ../../../Engine/Plugins/Media/AndroidMedia/Binaries/Win64/UE4Editor-AndroidMediaEditor.dll (API version 3709383).
LogModuleManager: Display: Found up-to-date module file ../../../Engine/Plugins/Media/AndroidMedia/Binaries/Win64/UE4Editor-AndroidMediaFactory.dll (API version 3709383).
LogModuleManager: Display: Found up-to-date module file ../../../Engine/Plugins/Media/AvfMedia/Binaries/Win64/UE4Editor-AvfMediaEditor.dll (API version 3709383).
LogModuleManager: Display: Found up-to-date module file ../../../Engine/Plugins/Media/AvfMedia/Binaries/Win64/UE4Editor-AvfMediaFactory.dll (API version 3709383).
LogModuleManager: Display: Found up-to-date module file ../../../Engine/Plugins/Media/AvfMedia/Binaries/Win64/UE4Editor-AvfMediaFactory.dll (API version 3709383).
LogModuleManager: Display: Found up-to-date module file ../../../Engine/Plugins/Media/ImgMedia/Binaries/Win64/UE4Editor-ImgMedia.dll (API version 3709383).
LogModuleManager: Display: Found up-to-date module file ../../../Engine/Plugins/Media/ImgMedia/Binaries/Win64/UE4Editor-ImgMediaEditor.dll (API version 3709383).
LogModuleManager: Display: Found up-to-date module file ../../../Engine/Plugins/Media/ImgMedia/Binaries/Win64/UE4Editor-ImgMediaFactory.dll (API version 3709383).
LogModuleManager: Display: Found up-to-date module file ../../../Engine/Plugins/Media/ImgMedia/Binaries/Win64/UE4Editor-ImgMediaFactory.dll (API version 3709383).
LogModuleManager: Display: Found up-to-date module file ../../../Engine/Plugins/Media/ImgMedia/Binaries/Win64/UE4Editor-OpenExrWrapper.dll (API version 3709383).
LogModuleManager: Display: Found up-to-date module file ../../../Engine/Plugins/Media/MediaCompositing/Binaries/Win64/UE4Editor-MediaCompositing.dll (API version 3709383).
LogModuleManager: Display: Found up-to-date module file ../../../Engine/Plugins/Media/MediaCompositing/Binaries/Win64/UE4Editor-MediaCompositingEditor.dll (API version 3709383).
LogModuleManager: Display: Found up-to-date module file ../../../Engine/Plugins/Media/MediaPlayerEditor/Binaries/Win64/UE4Editor-MediaPlayerEditor.dll (API version 3709383).
LogModuleManager: Display: Found up-to-date module file ../../../Engine/Plugins/Media/WmfMedia/Binaries/Win64/UE4Editor-WmfMedia.dll (API version 3709383).
LogModuleManager: Display: Found up-to-date module file ../../../Engine/Plugins/Media/WmfMedia/Binaries/Win64/UE4Editor-WmfMediaEditor.dll (API version 3709383).
LogModuleManager: Display: Found up-to-date module file ../../../Engine/Plugins/Media/WmfMedia/Binaries/Win64/UE4Editor-WmfMediaFactory.dll (API version 3709383).
LogModuleManager: Display: Found up-to-date module file ../../../Engine/Plugins/Media/WmfMedia/Binaries/Win64/UE4Editor-WmfMediaFactory.dll (API version 3709383).
LogModuleManager: Display: Found up-to-date module file ../../../Engine/Plugins/Messaging/TcpMessaging/Binaries/Win64/UE4Editor-TcpMessaging.dll (API version 3709383).
LogModuleManager: Display: Found up-to-date module file ../../../Engine/Plugins/Messaging/UdpMessaging/Binaries/Win64/UE4Editor-UdpMessaging.dll (API version 3709383).
LogModuleManager: Display: Found up-to-date module file ../../../Engine/Plugins/MovieScene/ActorSequence/Binaries/Win64/UE4Editor-ActorSequence.dll (API version 3709383).
LogModuleManager: Display: Found up-to-date module file ../../../Engine/Plugins/MovieScene/LevelSequenceEditor/Binaries/Win64/UE4Editor-LevelSequenceEditor.dll (API version 3709383).
LogModuleManager: Display: Found up-to-date module file ../../../Engine/Plugins/MovieScene/MatineeToLevelSequence/Binaries/Win64/UE4Editor-MatineeToLevelSequence.dll (API version 3709383).
LogModuleManager: Display: Found up-to-date module file ../../../Engine/Plugins/Online/OnlineSubsystem/Binaries/Win64/UE4Editor-OnlineSubsystem.dll (API version 3709383).
LogModuleManager: Display: Found up-to-date module file ../../../Engine/Plugins/Runtime/AndroidPermission/Binaries/Win64/UE4Editor-AndroidPermission.dll (API version 3709383).
LogModuleManager: Display: Found up-to-date module file ../../../Engine/Plugins/Online/OnlineSubsystemNull/Binaries/Win64/UE4Editor-OnlineSubsystemNull.dll (API version 3709383).
LogModuleManager: Display: Found up-to-date module file ../../../Engine/Plugins/Online/OnlineSubsystemUtils/Binaries/Win64/UE4Editor-OnlineSubsystemUtils.dll (API version 3709383).
LogModuleManager: Display: Found up-to-date module file ../../../Engine/Plugins/Online/OnlineSubsystemUtils/Binaries/Win64/UE4Editor-OnlineBlueprintSupport.dll (API version 3709383).
LogModuleManager: Display: Found up-to-date module file ../../../Engine/Plugins/Runtime/AndroidDeviceProfileSelector/Binaries/Win64/UE4Editor-AndroidDeviceProfileSelector.dll (API version 3709383).
LogModuleManager: Display: Found up-to-date module file ../../../Engine/Plugins/Runtime/AppleARKit/Binaries/Win64/UE4Editor-AppleARKit.dll (API version 3709383).
LogModuleManager: Display: Found up-to-date module file ../../../Engine/Plugins/Runtime/ArchVisCharacter/Binaries/Win64/UE4Editor-ArchVisCharacter.dll (API version 3709383).
LogModuleManager: Display: Found up-to-date module file ../../../Engine/Plugins/Runtime/CableComponent/Binaries/Win64/UE4Editor-CableComponent.dll (API version 3709383).
LogModuleManager: Display: Found up-to-date module file ../../../Engine/Plugins/Runtime/CustomMeshComponent/Binaries/Win64/UE4Editor-CustomMeshComponent.dll (API version 3709383).
LogModuleManager: Display: Found up-to-date module file ../../../Engine/Plugins/Runtime/ExampleDeviceProfileSelector/Binaries/Win64/UE4Editor-ExampleDeviceProfileSelector.dll (API version 3709383).
LogModuleManager: Display: Found up-to-date module file ../../../Engine/Plugins/Runtime/ImmediatePhysics/Binaries/Win64/UE4Editor-ImmediatePhysics.dll (API version 3709383).
LogModuleManager: Display: Found up-to-date module file ../../../Engine/Plugins/Runtime/ImmediatePhysics/Binaries/Win64/UE4Editor-ImmediatePhysicsEditor.dll (API version 3709383).
LogModuleManager: Display: Found up-to-date module file ../../../Engine/Plugins/Runtime/LocationServicesBPLibrary/Binaries/Win64/UE4Editor-LocationServicesBPLibrary.dll (API version 3709383).
LogModuleManager: Display: Found up-to-date module file ../../../Engine/Plugins/Runtime/MobilePatchingUtils/Binaries/Win64/UE4Editor-MobilePatchingUtils.dll (API version 3709383).
LogModuleManager: Display: Found up-to-date module file ../../../Engine/Plugins/Runtime/Oculus/OculusVR/Binaries/Win64/UE4Editor-OculusHMD.dll (API version 3709383).
LogModuleManager: Display: Found up-to-date module file ../../../Engine/Plugins/Runtime/Oculus/OculusVR/Binaries/Win64/UE4Editor-OculusInput.dll (API version 3709383).
LogModuleManager: Display: Found up-to-date module file ../../../Engine/Plugins/Runtime/Oculus/OculusVR/Binaries/Win64/UE4Editor-OculusEditor.dll (API version 3709383).
LogModuleManager: Display: Found up-to-date module file ../../../Engine/Plugins/Runtime/PhysXVehicles/Binaries/Win64/UE4Editor-PhysXVehicles.dll (API version 3709383).
LogModuleManager: Display: Found up-to-date module file ../../../Engine/Plugins/Runtime/PhysXVehicles/Binaries/Win64/UE4Editor-PhysXVehiclesEditor.dll (API version 3709383).
LogModuleManager: Display: Found up-to-date module file ../../../Engine/Plugins/Runtime/ProceduralMeshComponent/Binaries/Win64/UE4Editor-ProceduralMeshComponent.dll (API version 3709383).
LogModuleManager: Display: Found up-to-date module file ../../../Engine/Plugins/Runtime/ProceduralMeshComponent/Binaries/Win64/UE4Editor-ProceduralMeshComponentEditor.dll (API version 3709383).
LogModuleManager: Display: Found up-to-date module file ../../../Engine/Plugins/Runtime/RuntimePhysXCooking/Binaries/Win64/UE4Editor-RuntimePhysXCooking.dll (API version 3709383).
LogModuleManager: Display: Found up-to-date module file ../../../Engine/Plugins/Runtime/Steam/SteamVR/Binaries/Win64/UE4Editor-SteamVR.dll (API version 3709383).
LogModuleManager: Display: Found up-to-date module file ../../../Engine/Plugins/Runtime/Steam/SteamVR/Binaries/Win64/UE4Editor-SteamVRController.dll (API version 3709383).
LogModuleManager: Display: Found up-to-date module file ../../../Engine/Plugins/Runtime/WindowsMoviePlayer/Binaries/Win64/UE4Editor-WindowsMoviePlayer.dll (API version 3709383).
LogPluginManager: Mounting plugin Paper2D
LogPluginManager: Mounting plugin LightPropagationVolume
LogPluginManager: Mounting plugin CodeLiteSourceCodeAccess
LogPluginManager: Mounting plugin GitSourceControl
LogPluginManager: Mounting plugin KDevelopSourceCodeAccess
LogPluginManager: Mounting plugin NullSourceCodeAccess
LogPluginManager: Mounting plugin PerforceSourceControl
LogPluginManager: Mounting plugin SubversionSourceControl
LogPluginManager: Mounting plugin UObjectPlugin
LogPluginManager: Mounting plugin VisualStudioCodeSourceCodeAccess
LogPluginManager: Mounting plugin VisualStudioSourceCodeAccess
LogPluginManager: Mounting plugin XCodeSourceCodeAccess
LogPluginManager: Mounting plugin AssetManagerEditor
LogPluginManager: Mounting plugin AudioCapture
LogPluginManager: Mounting plugin FacialAnimation
LogPluginManager: Mounting plugin GameplayTagsEditor
LogPluginManager: Mounting plugin MobileLauncherProfileWizard
LogPluginManager: Mounting plugin PluginBrowser
LogPluginManager: Mounting plugin SpeedTreeImporter
LogPluginManager: Mounting plugin AlembicImporter
LogPluginManager: Mounting plugin CharacterAI
LogPluginManager: Mounting plugin HTML5Networking
LogPluginManager: Mounting plugin AndroidMedia
LogPluginManager: Mounting plugin AvfMedia
LogPluginManager: Mounting plugin ImgMedia
LogPluginManager: Mounting plugin MediaCompositing
LogPluginManager: Mounting plugin MediaPlayerEditor
LogPluginManager: Mounting plugin WmfMedia
LogPluginManager: Mounting plugin TcpMessaging
LogPluginManager: Mounting plugin UdpMessaging
LogPluginManager: Mounting plugin ActorSequence
LogPluginManager: Mounting plugin LevelSequenceEditor
LogPluginManager: Mounting plugin MatineeToLevelSequence
LogPluginManager: Mounting plugin OnlineSubsystemGooglePlay
LogPluginManager: Mounting plugin OnlineSubsystemIOS
LogPluginManager: Mounting plugin OnlineSubsystem
LogPluginManager: Mounting plugin OnlineSubsystemNull
LogPluginManager: Mounting plugin OnlineSubsystemUtils
LogPluginManager: Mounting plugin AndroidDeviceProfileSelector
LogPluginManager: Mounting plugin AndroidMoviePlayer
LogPluginManager: Mounting plugin AndroidPermission
LogPluginManager: Mounting plugin AppleARKit
LogPluginManager: Mounting plugin AppleMoviePlayer
LogPluginManager: Mounting plugin ArchVisCharacter
LogPluginManager: Mounting plugin CableComponent
LogPluginManager: Mounting plugin CustomMeshComponent
LogPluginManager: Mounting plugin ExampleDeviceProfileSelector
LogPluginManager: Mounting plugin GoogleCloudMessaging
LogPluginManager: Mounting plugin ImmediatePhysics
LogPluginManager: Mounting plugin IOSDeviceProfileSelector
LogPluginManager: Mounting plugin LinuxDeviceProfileSelector
LogPluginManager: Mounting plugin LocationServicesBPLibrary
LogPluginManager: Mounting plugin MobilePatchingUtils
LogPluginManager: Mounting plugin OculusVR
LogPluginManager: Plugin shader directory ../../../Engine/Plugins/Runtime/Oculus/OculusVR/Shaders found
LogPluginManager: Mapping shader source directory ../../../Engine/Plugins/Runtime/Oculus/OculusVR/Shaders to virtual directory /Plugin/OculusVR
LogPluginManager: Mounting plugin PhysXVehicles
LogPluginManager: Mounting plugin ProceduralMeshComponent
LogPluginManager: Mounting plugin RuntimePhysXCooking
LogPluginManager: Mounting plugin SteamVR
LogPluginManager: Mounting plugin WindowsMoviePlayer
LogInit: Using libcurl 7.47.1
LogInit:  - built for x86_64-pc-win32
LogInit:  - supports SSL with OpenSSL/1.0.2g
LogInit:  - supports HTTP deflate (compression) using libz 1.2.8
LogInit:  - other features:
LogInit:      CURL_VERSION_SSL
LogInit:      CURL_VERSION_LIBZ
LogInit:      CURL_VERSION_IPV6
LogInit:      CURL_VERSION_ASYNCHDNS
LogInit:      CURL_VERSION_LARGEFILE
LogInit:      CURL_VERSION_IDN
LogInit:  CurlRequestOptions (configurable via config and command line):
LogInit:  - bVerifyPeer = false  - Libcurl will NOT verify peer certificate
LogInit:  - bUseHttpProxy = false  - Libcurl will NOT use HTTP proxy
LogInit:  - bDontReuseConnections = false  - Libcurl will reuse connections
LogInit:  - CertBundlePath = nullptr  - Libcurl will use whatever was configured at build time.
LogInit: Build: ++UE4+Release-4.18-CL-3832480
LogInit: Engine Version: 4.18.3-3832480+++UE4+Release-4.18
LogInit: Compatible Engine Version: 4.18.0-3709383+++UE4+Release-4.18
LogInit: Net CL: 3709383
LogDevObjectVersion: Number of dev versions registered: 16
LogDevObjectVersion:   Dev-Blueprints (B0D832E4-1F89-4F0D-ACCF-7EB736FD4AA2): 10
LogDevObjectVersion:   Dev-Build (E1C64328-A22C-4D53-A36C-8E866417BD8C): 0
LogDevObjectVersion:   Dev-Core (375EC13C-06E4-48FB-B500-84F0262A717E): 2
LogDevObjectVersion:   Dev-Editor (E4B068ED-F494-42E9-A231-DA0B2E46BB41): 20
LogDevObjectVersion:   Dev-Framework (CFFC743F-43B0-4480-9391-14DF171D2073): 30
LogDevObjectVersion:   Dev-Mobile (B02B49B5-BB20-44E9-A304-32B752E40360): 0
LogDevObjectVersion:   Dev-Networking (A4E4105C-59A1-49B5-A7C5-40C4547EDFEE): 0
LogDevObjectVersion:   Dev-Online (39C831C9-5AE6-47DC-9A44-9C173E1C8E7C): 0
LogDevObjectVersion:   Dev-Physics (78F01B33-EBEA-4F98-B9B4-84EACCB95AA2): 0
LogDevObjectVersion:   Dev-Platform (6631380F-2D4D-43E0-8009-CF276956A95A): 0
LogDevObjectVersion:   Dev-Rendering (12F88B9F-8875-4AFC-A67C-D90C383ABD29): 20
LogDevObjectVersion:   Dev-Sequencer (7B5AE74C-D270-4C10-A958-57980B212A5A): 4
LogDevObjectVersion:   Dev-VR (D7296918-1DD6-4BDD-9DE2-64A83CC13884): 0
LogDevObjectVersion:   Dev-LoadTimes (C2A15278-BFE7-4AFE-6C17-90FF531DF755): 1
LogDevObjectVersion:   Private-Geometry (6EACA3D4-40EC-4CC1-B786-8BED09428FC5): 1
LogDevObjectVersion:   Dev-AnimPhys (29E575DD-E0A3-4627-9D10-D276232CDCEA): 12
LogInit: Compiled (64-bit): Jan 12 2018 02:04:55
LogInit: Compiled with Visual C++: 19.00.24215.01
LogInit: Build Configuration: Development
LogInit: Branch Name: ++UE4+Release-4.18
LogInit: Command line:  
LogInit: Base directory: C:/Program Files/Epic Games/UE_4.18/Engine/Binaries/Win64/
LogInit: Installed Engine Build: 1
LogInit: Presizing for max 8388607 objects, including 0 objects not considered by GC, pre-allocating 0 bytes for permanent pool.
LogInit: Object subsystem initialized
[2018.03.16-16.16.27:769][  0]LogInit: Selected Device Profile: [Windows]
[2018.03.16-16.16.27:769][  0]LogInit: Applying CVar settings loaded from the selected device profile: [Windows]
[2018.03.16-16.16.27:781][  0]LogInit: Computer: DESKTOP-QE3GLGL
[2018.03.16-16.16.27:781][  0]LogInit: User: jonjo
[2018.03.16-16.16.27:781][  0]LogInit: CPU Page size=4096, Cores=4
[2018.03.16-16.16.27:781][  0]LogInit: High frequency timer resolution =2.929689 MHz
[2018.03.16-16.16.27:781][  0]LogMemory: Memory total: Physical=8.0GB (8GB approx)
[2018.03.16-16.16.27:781][  0]LogMemory: Platform Memory Stats for Windows
[2018.03.16-16.16.27:781][  0]LogMemory: Process Physical Memory: 272.87 MB used, 272.87 MB peak
[2018.03.16-16.16.27:781][  0]LogMemory: Process Virtual Memory: 271.74 MB used, 271.74 MB peak
[2018.03.16-16.16.27:781][  0]LogMemory: Physical Memory: 3428.92 MB used,  4728.13 MB free, 8157.05 MB total
[2018.03.16-16.16.27:781][  0]LogMemory: Virtual Memory: 683.39 MB used,  4728.13 MB free, 134217728.00 MB total
[2018.03.16-16.16.27:927][  0]LogInit: Using OS detected language (en-US).
[2018.03.16-16.16.27:927][  0]LogInit: Using OS detected locale (en-US).
[2018.03.16-16.16.27:931][  0]LogTextLocalizationManager: No specific localization for 'en-US' exists, so the 'en' localization will be used.
[2018.03.16-16.16.28:332][  0]LogInit: Setting process to per monitor DPI aware
[2018.03.16-16.16.28:558][  0]LogD3D11RHI: D3D11 adapters:
[2018.03.16-16.16.28:618][  0]LogD3D11RHI:    0. 'NVIDIA GeForce GTX 1060 3GB' (Feature Level 11_0)
[2018.03.16-16.16.28:618][  0]LogD3D11RHI:       2997/0/4078 MB DedicatedVideo/DedicatedSystem/SharedSystem, Outputs:1, VendorId:0x10de
[2018.03.16-16.16.28:620][  0]LogD3D11RHI:    1. 'Microsoft Basic Render Driver' (Feature Level 11_0)
[2018.03.16-16.16.28:620][  0]LogD3D11RHI:       0/0/4078 MB DedicatedVideo/DedicatedSystem/SharedSystem, Outputs:0, VendorId:0x1414
[2018.03.16-16.16.28:620][  0]LogD3D11RHI: Chosen D3D11 Adapter: 0
[2018.03.16-16.16.28:625][  0]LogD3D11RHI: Creating new Direct3DDevice
[2018.03.16-16.16.28:626][  0]LogD3D11RHI:     GPU DeviceId: 0x1c02 (for the marketing name, search the web for "GPU Device Id")
[2018.03.16-16.16.28:626][  0]LogWindows: EnumDisplayDevices:
[2018.03.16-16.16.28:626][  0]LogWindows:    0. 'NVIDIA GeForce GTX 1060 3GB' (P:1 D:1)
[2018.03.16-16.16.28:626][  0]LogWindows:    1. 'NVIDIA GeForce GTX 1060 3GB' (P:0 D:0)
[2018.03.16-16.16.28:626][  0]LogWindows:    2. 'NVIDIA GeForce GTX 1060 3GB' (P:0 D:0)
[2018.03.16-16.16.28:626][  0]LogWindows:    3. 'NVIDIA GeForce GTX 1060 3GB' (P:0 D:0)
[2018.03.16-16.16.28:626][  0]LogWindows: DebugString: GetVideoDriverDetailsInvalid PrimaryIsNotTheChoosenAdapter GetVideoDriverDetailsInvalid PrimaryIsNotTheChoosenAdapter GetVideoDriverDetailsInvalid PrimaryIsNotTheChoosenAdapter GetVideoDriverDetailsInvalid PrimaryIsNotTheChoosenAdapter FoundDriverCount:0 
[2018.03.16-16.16.28:626][  0]LogD3D11RHI:     Adapter Name: NVIDIA GeForce GTX 1060 3GB
[2018.03.16-16.16.28:626][  0]LogD3D11RHI:   Driver Version: Unknown (internal:Unknown, unified:Unknown)
[2018.03.16-16.16.28:626][  0]LogD3D11RHI:      Driver Date: Unknown
[2018.03.16-16.16.28:626][  0]LogRHI: Texture pool is 2097 MB (70% of 2997 MB)
[2018.03.16-16.16.28:652][  0]LogD3D11RHI: Async texture creation enabled
[2018.03.16-16.16.28:663][  0]LogD3D11RHI: GPU Timing Frequency: 1000.000000 (Debug: 2 1)
[2018.03.16-16.16.28:710][  0]LogShaderCompilers: Guid format shader working directory is -5 characters bigger than the processId version (../../../../../../Users/jonjo/Documents/GitHub/Game/Intermediate/Shaders/WorkingDirectory/9064/).
[2018.03.16-16.16.28:711][  0]LogShaderCompilers: Cleaned the shader compiler working directory 'C:/Users/jonjo/AppData/Local/Temp/UnrealShaderWorkingDir/B103939C456430D42B097498BE365515/'.
[2018.03.16-16.16.28:711][  0]LogShaderCompilers: Display: Using Local Shader Compiler.
[2018.03.16-16.16.29:620][  0]LogTemp: Display: Loaded TP AllDesktopTargetPlatform
[2018.03.16-16.16.29:672][  0]LogTemp: Display: Loaded TP MacClientTargetPlatform
[2018.03.16-16.16.29:724][  0]LogTemp: Display: Loaded TP MacNoEditorTargetPlatform
[2018.03.16-16.16.29:775][  0]LogTemp: Display: Loaded TP MacServerTargetPlatform
[2018.03.16-16.16.29:827][  0]LogTemp: Display: Loaded TP MacTargetPlatform
[2018.03.16-16.16.29:877][  0]LogTemp: Display: Loaded TP WindowsClientTargetPlatform
[2018.03.16-16.16.29:929][  0]LogTemp: Display: Loaded TP WindowsNoEditorTargetPlatform
[2018.03.16-16.16.29:980][  0]LogTemp: Display: Loaded TP WindowsServerTargetPlatform
[2018.03.16-16.16.30:026][  0]LogTemp: Display: Loaded TP WindowsTargetPlatform
[2018.03.16-16.16.30:075][  0]LogTemp: Display: Loaded TP Android_ASTCTargetPlatform
[2018.03.16-16.16.30:125][  0]LogTemp: Display: Loaded TP Android_ATCTargetPlatform
[2018.03.16-16.16.30:176][  0]LogTemp: Display: Loaded TP Android_DXTTargetPlatform
[2018.03.16-16.16.30:224][  0]LogTemp: Display: Loaded TP Android_ETC1TargetPlatform
[2018.03.16-16.16.30:275][  0]LogTemp: Display: Loaded TP Android_ETC2TargetPlatform
[2018.03.16-16.16.30:374][  0]LogTemp: Display: Loaded TP Android_MultiTargetPlatform
[2018.03.16-16.16.30:375][  0]LogTemp: Display: Loaded TP Android_PVRTCTargetPlatform
[2018.03.16-16.16.30:425][  0]LogTemp: Display: Loaded TP AndroidTargetPlatform
[2018.03.16-16.16.30:465][  0]LogTemp: Display: Loaded TP HTML5TargetPlatform
[2018.03.16-16.16.30:553][  0]LogTemp: Display: Loaded TP IOSTargetPlatform
[2018.03.16-16.16.30:579][  0]LogTemp: Display: Loaded TP TVOSTargetPlatform
[2018.03.16-16.16.30:628][  0]LogTemp: Display: Loaded TP LinuxClientTargetPlatform
[2018.03.16-16.16.30:677][  0]LogTemp: Display: Loaded TP LinuxNoEditorTargetPlatform
[2018.03.16-16.16.30:727][  0]LogTemp: Display: Loaded TP LinuxServerTargetPlatform
[2018.03.16-16.16.30:777][  0]LogTemp: Display: Loaded TP LinuxTargetPlatform
[2018.03.16-16.16.30:777][  0]LogTargetPlatformManager: Display: Building Assets For Windows
[2018.03.16-16.16.31:242][  0]LogDerivedDataCache: Display: Max Cache Size: 512 MB
[2018.03.16-16.16.31:318][  0]LogDerivedDataCache: Loaded boot cache 0.08s 78MB C:/Users/jonjo/AppData/Local/UnrealEngine/4.18/DerivedDataCache/Boot.ddc.
[2018.03.16-16.16.31:319][  0]LogDerivedDataCache: Display: Loaded Boot cache: C:/Users/jonjo/AppData/Local/UnrealEngine/4.18/DerivedDataCache/Boot.ddc
[2018.03.16-16.16.31:319][  0]LogDerivedDataCache: FDerivedDataBackendGraph:  Pak pak cache file ../../../../../../Users/jonjo/Documents/GitHub/Game/DerivedDataCache/DDC.ddp not found, will not use a pak cache.
[2018.03.16-16.16.31:319][  0]LogDerivedDataCache: Unable to find inner node Pak for hierarchical cache Hierarchy.
[2018.03.16-16.16.31:319][  0]LogDerivedDataCache: FDerivedDataBackendGraph:  CompressedPak pak cache file ../../../../../../Users/jonjo/Documents/GitHub/Game/DerivedDataCache/Compressed.ddp not found, will not use a pak cache.
[2018.03.16-16.16.31:319][  0]LogDerivedDataCache: Unable to find inner node CompressedPak for hierarchical cache Hierarchy.
[2018.03.16-16.16.31:335][  0]LogDerivedDataCache: Display: Pak cache opened for reading ../../../Engine/DerivedDataCache/Compressed.ddp.
[2018.03.16-16.16.31:347][  0]LogDerivedDataCache: Using Local data cache path C:/Users/jonjo/AppData/Local/UnrealEngine/Common/DerivedDataCache: Writable
[2018.03.16-16.16.31:358][  0]LogMaterial: Verifying Global Shaders for PCD3D_SM5
[2018.03.16-16.16.31:358][  0]LogSlate: Using Freetype 2.6.0
[2018.03.16-16.16.31:359][  0]LogSlate: SlateFontCache - WITH_FREETYPE: 1, WITH_HARFBUZZ: 1
[2018.03.16-16.16.31:359][  0]LogSlate: SlateFontCache - WITH_FREETYPE: 1, WITH_HARFBUZZ: 1
[2018.03.16-16.16.31:705][  0]LogInit: Selected Device Profile: [Windows]
[2018.03.16-16.16.32:029][  0]LogSimplygon: Simplygon DLL not present - disabling.
[2018.03.16-16.16.32:069][  0]LogMeshReduction: Using SimplygonSwarm for distributed automatic mesh merging
[2018.03.16-16.16.32:069][  0]LogMeshReduction: Using QuadricMeshReduction for automatic static mesh reduction
[2018.03.16-16.16.32:069][  0]LogMeshReduction: No automatic skeletal mesh reduction module available
[2018.03.16-16.16.32:069][  0]LogMeshReduction: No automatic mesh merging module available
[2018.03.16-16.16.32:069][  0]LogMeshMerging: No automatic mesh merging module available
[2018.03.16-16.16.32:097][  0]LogNetVersion: MyGame , NetCL: 3709383, EngineNetVer: 2, GameNetVer: 0 (Checksum: 2137506241)
[2018.03.16-16.16.32:263][  0]LogAssetRegistry: FAssetRegistry took 0.0256 seconds to start up
[2018.03.16-16.16.32:766][  0]LogPackageLocalizationCache: Processed 7 localized package path(s) for 2 prioritized culture(s) in 0.066055 seconds
[2018.03.16-16.16.32:771][  0]LogUObjectArray: 35870 objects as part of root set at end of initial load.
[2018.03.16-16.16.32:771][  0]LogUObjectAllocator: 7363696 out of 0 bytes used by permanent object pool.
[2018.03.16-16.16.32:771][  0]LogUObjectArray: CloseDisregardForGC: 0/0 objects in disregard for GC pool
[2018.03.16-16.16.32:822][  0]LogInit: WinSock: version 1.1 (2.2), MaxSocks=32767, MaxUdp=65467
[2018.03.16-16.16.35:473][  0]LogTcpMessaging: Initializing TcpMessaging bridge
[2018.03.16-16.16.35:514][  0]LogUdpMessaging: Initializing bridge on interface 0.0.0.0:0 to multicast group 230.0.0.1:6666.
[2018.03.16-16.16.36:188][  0]LogMaterial: Uniform references updated for custom material expression Custom.
[2018.03.16-16.16.36:617][  0]SourceControl: Source control is disabled
[2018.03.16-16.16.38:291][  0]LogAndroidPermission: UAndroidPermissionCallbackProxy::GetInstance
[2018.03.16-16.16.38:562][  0]LogOcInput: OculusInput pre-init called
[2018.03.16-16.16.38:851][  0]LogEngine: Initializing Engine...
[2018.03.16-16.16.38:853][  0]LogHMD: Failed to initialize OpenVR with code 110
[2018.03.16-16.16.39:074][  0]LogStats: UGameplayTagsManager::ConstructGameplayTagTree: Construct from data asset -  0.000 s
[2018.03.16-16.16.39:075][  0]LogStats: UGameplayTagsManager::ConstructGameplayTagTree: GameplayTagTreeChangedEvent.Broadcast -  0.000 s
[2018.03.16-16.16.39:211][  0]LogAIModule: Creating AISystem for world Untitled
[2018.03.16-16.16.39:218][  0]LogInit: XAudio2 using 'Speakers (Realtek High Definition Audio)' : 2 channels at 48 kHz using 32 bits per sample (channel mask 0x3)
[2018.03.16-16.16.39:237][  0]LogInit: FAudioDevice initialized.
[2018.03.16-16.16.39:491][  0]LogDerivedDataCache: Saved boot cache 0.25s 78MB C:/Users/jonjo/AppData/Local/UnrealEngine/4.18/DerivedDataCache/Boot.ddc.
[2018.03.16-16.16.39:507][  0]LogInit: Texture streaming: Enabled
[2018.03.16-16.16.39:605][  0]LogEngineSessionManager: EngineSessionManager initialized
[2018.03.16-16.16.39:733][  0]LogInit: Transaction tracking system initialized
[2018.03.16-16.16.40:044][  0]BlueprintLog: New page: Editor Load
[2018.03.16-16.16.40:911][  0]LocalizationService: Localization service is disabled
[2018.03.16-16.16.41:720][  0]LogConsoleResponse: Display: 
[2018.03.16-16.16.41:900][  0]LogCook: Display: Max memory allowance for cook 16384mb min free memory 0mb
[2018.03.16-16.16.41:900][  0]LogCook: Display: Mobile HDR setting 1
[2018.03.16-16.16.41:900][  0]LogGameplayTags: Display: UGameplayTagsManager::DoneAddingNativeTags. DelegateIsBound: 0
[2018.03.16-16.16.41:925][  0]LogFileCache: Scanning file cache for directory 'C:/Users/jonjo/Documents/GitHub/Game/Content/' took 0.01s
[2018.03.16-16.16.43:099][  0]Cmd: MAP LOAD FILE="../../../../../../Users/jonjo/Documents/GitHub/Game/Content/ThirdPersonBP/Maps/ThirdPersonExampleMap.umap" TEMPLATE=0 SHOWPROGRESS=1 FEATURELEVEL=3
[2018.03.16-16.16.43:100][  0]LightingResults: New page: Lighting Build
[2018.03.16-16.16.43:142][  0]MapCheck: New page: Map Check
[2018.03.16-16.16.43:142][  0]LightingResults: New page: Lighting Build
[2018.03.16-16.16.43:632][  0]LogAIModule: Creating AISystem for world ThirdPersonExampleMap
[2018.03.16-16.16.43:643][  0]LogEditorServer: Finished looking for orphan Actors (0.000 secs)
[2018.03.16-16.16.43:656][  0]Cmd: MAP CHECKDEP NOCLEARLOG
[2018.03.16-16.16.43:712][  0]MapCheck: Map check complete: 0 Error(s), 0 Warning(s), took 55.582ms to complete.
[2018.03.16-16.16.43:712][  0]LogFileHelpers: Loading map 'ThirdPersonExampleMap' took 0.612
[2018.03.16-16.16.43:859][  0]LogCollectionManager: Loaded 0 collections in 0.001865 seconds
[2018.03.16-16.16.43:941][  0]LogFileCache: Scanning file cache for directory 'C:/Users/jonjo/Documents/GitHub/Game/Saved/Collections/' took 0.01s
[2018.03.16-16.16.43:941][  0]LogFileCache: Scanning file cache for directory 'C:/Users/jonjo/Documents/GitHub/Game/Content/Developers/jonjo/Collections/' took 0.01s
[2018.03.16-16.16.43:941][  0]LogFileCache: Scanning file cache for directory 'C:/Users/jonjo/Documents/GitHub/Game/Content/Collections/' took 0.01s
[2018.03.16-16.16.43:941][  0]LogCollectionManager: Rebuilt the GUID cache for 0 collections in 0.000000 seconds
[2018.03.16-16.16.43:949][  0]LogContentBrowser: Native class hierarchy populated in 0.0083 seconds. Added 2363 classes and 519 folders.
[2018.03.16-16.16.44:014][  0]LogContentBrowser: Native class hierarchy updated for 'WidgetCarousel' in 0.0002 seconds. Added 0 classes and 0 folders.
[2018.03.16-16.16.44:054][  0]LogContentBrowser: Native class hierarchy updated for 'AddContentDialog' in 0.0002 seconds. Added 0 classes and 0 folders.
[2018.03.16-16.16.44:097][  0]LogContentBrowser: Native class hierarchy updated for 'SceneOutliner' in 0.0002 seconds. Added 1 classes and 2 folders.
[2018.03.16-16.16.44:114][  0]LogSlate: Took 0.001497 seconds to synchronously load lazily loaded font '../../../Engine/Content/Slate/Fonts/Roboto-Regular.ttf' (155K)
[2018.03.16-16.16.44:116][  0]LogSlate: Took 0.000238 seconds to synchronously load lazily loaded font '../../../Engine/Content/Slate/Fonts/Roboto-Bold.ttf' (160K)
[2018.03.16-16.16.44:121][  0]LogSlate: Took 0.000192 seconds to synchronously load lazily loaded font '../../../Engine/Content/Editor/Slate/Fonts/FontAwesome.ttf' (139K)
[2018.03.16-16.16.44:223][  0]LogRenderer: Reallocating scene render targets to support 1276x656 Format 10 NumSamples 1 (Frame:1).
[2018.03.16-16.16.44:268][  0]LogSlate: Took 0.000126 seconds to synchronously load lazily loaded font '../../../Engine/Content/Slate/Fonts/Roboto-Light.ttf' (159K)
[2018.03.16-16.16.44:412][  0]LogContentBrowser: Native class hierarchy updated for 'HierarchicalLODOutliner' in 0.0002 seconds. Added 1 classes and 2 folders.
[2018.03.16-16.16.44:412][  0]LogLoad: (Engine Initialization) Total time: 18.93 seconds
[2018.03.16-16.16.44:412][  0]LogLoad: (Engine Initialization) Total Blueprint compile time: 0.00 seconds
[2018.03.16-16.16.44:412][  0]LogExternalProfiler: No external profilers were discovered.  External profiling features will not be available.
[2018.03.16-16.16.44:421][  0]LogWindowsTextInputMethodSystem: Display: IME system now deactivated.
[2018.03.16-16.16.44:441][  0]SourceControl: On branch master
[2018.03.16-16.16.44:441][  0]SourceControl: Your branch is up to date with 'origin/master'.
[2018.03.16-16.16.44:441][  0]SourceControl: Changes not staged for commit:
[2018.03.16-16.16.44:441][  0]SourceControl:   (use "git add/rm <file>..." to update what will be committed)
[2018.03.16-16.16.44:441][  0]SourceControl:   (use "git checkout -- <file>..." to discard changes in working directory)
[2018.03.16-16.16.44:441][  0]SourceControl: 	modified:   Intermediate/AssetRegistryCache/c90e3f55.bin
[2018.03.16-16.16.44:441][  0]SourceControl: 	modified:   Intermediate/CachedAssetRegistry.bin
[2018.03.16-16.16.44:441][  0]SourceControl: 	modified:   MyProject/Intermediate/CachedAssetRegistry.bin
[2018.03.16-16.16.44:441][  0]SourceControl: 	modified:   MyProject/Saved/AutoScreenshot.png
[2018.03.16-16.16.44:441][  0]SourceControl: 	modified:   MyProject/Saved/Logs/MyProject.log
[2018.03.16-16.16.44:441][  0]SourceControl: 	modified:   Saved/AutoScreenshot.png
[2018.03.16-16.16.44:441][  0]SourceControl: 	modified:   Saved/Config/Windows/EditorPerProjectUserSettings.ini
[2018.03.16-16.16.44:441][  0]SourceControl: 	deleted:    Saved/Logs/MyGame-backup-2018.03.16-06.45.49.log
[2018.03.16-16.16.44:441][  0]SourceControl: 	deleted:    Saved/Logs/MyGame-backup-2018.03.16-11.33.37.log
[2018.03.16-16.16.44:441][  0]SourceControl: 	deleted:    Saved/Logs/MyGame-backup-2018.03.16-11.46.41.log
[2018.03.16-16.16.44:441][  0]SourceControl: 	modified:   Saved/Logs/MyGame.log
[2018.03.16-16.16.44:441][  0]SourceControl: Untracked files:
[2018.03.16-16.16.44:441][  0]SourceControl:   (use "git add <file>..." to include in what will be committed)
[2018.03.16-16.16.44:441][  0]SourceControl: 	MyProject/Saved/Config/CrashReportClient/UE4CC-Windows-FBA641A740A855177E9A848C0AA28E10/
[2018.03.16-16.16.44:441][  0]SourceControl: 	MyProject/Saved/Logs/MyProject-backup-2018.03.16-12.12.51.log
[2018.03.16-16.16.44:441][  0]SourceControl: 	Saved/Config/CrashReportClient/UE4CC-Windows-0A41492D47ECD9ADF03D6C88A0B3D231/
[2018.03.16-16.16.44:441][  0]SourceControl: 	Saved/Config/CrashReportClient/UE4CC-Windows-15BF5402468B5E8CB5A3B9A52BF8ADFB/
[2018.03.16-16.16.44:441][  0]SourceControl: 	Saved/Config/CrashReportClient/UE4CC-Windows-20B213774D129A2D6835DBA80D6A234D/
[2018.03.16-16.16.44:441][  0]SourceControl: 	Saved/Config/CrashReportClient/UE4CC-Windows-2F0F5D964900BB4216EBDD94E748DF3D/
[2018.03.16-16.16.44:441][  0]SourceControl: 	Saved/Config/CrashReportClient/UE4CC-Windows-2F76017E4A9A41D83817E0A8EBEA1A6B/
[2018.03.16-16.16.44:441][  0]SourceControl: 	Saved/Config/CrashReportClient/UE4CC-Windows-54BC1269429487E054899F8D0FF2C07B/
[2018.03.16-16.16.44:441][  0]SourceControl: 	Saved/Config/CrashReportClient/UE4CC-Windows-BBE75C3D4860D268062CE2B7DA76112B/
[2018.03.16-16.16.44:441][  0]SourceControl: 	Saved/Config/CrashReportClient/UE4CC-Windows-C9D0EC9F411FDB3EBB217FB852E805FC/
[2018.03.16-16.16.44:441][  0]SourceControl: 	Saved/Config/CrashReportClient/UE4CC-Windows-D2ED14634E07F75E4F6A59BB98F3E7B3/
[2018.03.16-16.16.44:441][  0]SourceControl: 	Saved/Logs/MyGame-backup-2018.03.16-11.51.45.log
[2018.03.16-16.16.44:441][  0]SourceControl: 	Saved/Logs/MyGame-backup-2018.03.16-11.57.28.log
[2018.03.16-16.16.44:441][  0]SourceControl: 	Saved/Logs/MyGame-backup-2018.03.16-11.58.58.log
[2018.03.16-16.16.44:441][  0]SourceControl: 	Saved/Logs/MyGame-backup-2018.03.16-11.59.53.log
[2018.03.16-16.16.44:441][  0]SourceControl: 	Saved/Logs/MyGame-backup-2018.03.16-12.02.01.log
[2018.03.16-16.16.44:441][  0]SourceControl: 	Saved/Logs/MyGame-backup-2018.03.16-12.04.21.log
[2018.03.16-16.16.44:441][  0]SourceControl: 	Saved/Logs/MyGame-backup-2018.03.16-12.06.20.log
[2018.03.16-16.16.44:441][  0]SourceControl: 	Saved/Logs/MyGame-backup-2018.03.16-12.10.42.log
[2018.03.16-16.16.44:441][  0]SourceControl: 	Saved/Logs/MyGame-backup-2018.03.16-12.16.26.log
[2018.03.16-16.16.44:441][  0]SourceControl: no changes added to commit (use "git add" and/or "git commit -a")
[2018.03.16-16.16.44:442][  0]LogContentStreaming: Texture pool size now 1000 MB
[2018.03.16-16.16.44:511][  1]LogAssetRegistry: Asset discovery search completed in 12.2705 seconds
[2018.03.16-16.16.44:513][  1]LogCollectionManager: Rebuilt the object cache for 0 collections in 0.000000 seconds (found 0 objects)
[2018.03.16-16.16.44:513][  1]LogCollectionManager: Fixed up redirectors for 0 collections in 0.000041 seconds (updated 0 objects)
[2018.03.16-16.16.48:648][479]LogTemp: Repeating last play command: New Editor Window (PIE)
[2018.03.16-16.16.48:685][479]LogBlueprintUserMessages: Early PlayInEditor Detection: Level '/Game/ThirdPersonBP/Maps/ThirdPersonExampleMap.ThirdPersonExampleMap:PersistentLevel' has LevelScriptBlueprint '/Game/ThirdPersonBP/Maps/ThirdPersonExampleMap.ThirdPersonExampleMap:PersistentLevel.ThirdPersonExampleMap' with GeneratedClass '/Game/ThirdPersonBP/Maps/ThirdPersonExampleMap.ThirdPersonExampleMap_C' with ClassGeneratedBy '/Game/ThirdPersonBP/Maps/ThirdPersonExampleMap.ThirdPersonExampleMap:PersistentLevel.ThirdPersonExampleMap'
[2018.03.16-16.16.48:686][479]LogPlayLevel: PlayLevel: No blueprints needed recompiling
[2018.03.16-16.16.48:686][479]PIE: New page: PIE session: ThirdPersonExampleMap (Mar 16, 2018, 8:16:48 AM)
[2018.03.16-16.16.48:686][479]LogPlayLevel: Creating play world package: /Game/ThirdPersonBP/Maps/UEDPIE_1_ThirdPersonExampleMap
[2018.03.16-16.16.48:716][479]LogPlayLevel: PIE: StaticDuplicateObject took: (0.029900s)
[2018.03.16-16.16.48:717][479]LogAIModule: Creating AISystem for world ThirdPersonExampleMap
[2018.03.16-16.16.48:718][479]LogPlayLevel: PIE: World Init took: (0.001166s)
[2018.03.16-16.16.48:718][479]LogPlayLevel: PIE: Created PIE world by copying editor world from /Game/ThirdPersonBP/Maps/ThirdPersonExampleMap.ThirdPersonExampleMap to /Game/ThirdPersonBP/Maps/UEDPIE_1_ThirdPersonExampleMap.ThirdPersonExampleMap (0.031566s)
[2018.03.16-16.16.48:749][479]LogLoad: Game class is 'ThirdPersonGameMode_C'
[2018.03.16-16.16.48:752][479]LogWorld: Bringing World /Game/ThirdPersonBP/Maps/UEDPIE_1_ThirdPersonExampleMap.ThirdPersonExampleMap up for play (max tick rate 0) at 2018.03.16-12.16.48
[2018.03.16-16.16.48:752][479]LogWorld: Bringing up level for play took: 0.002089
[2018.03.16-16.16.48:752][479]LogTemp: Display: ParseSettings for GameNetDriver
[2018.03.16-16.16.48:752][479]LogTemp: Display: ParseSettings for IpNetDriver_0
[2018.03.16-16.16.48:752][479]LogTemp: Display: ParseSettings for GameNetDriver
[2018.03.16-16.16.48:752][479]LogInit: WinSock: Socket queue 131072 / 131072
[2018.03.16-16.16.48:755][479]LogInit: WinSock: I am DESKTOP-QE3GLGL (10.0.0.192:0)
[2018.03.16-16.16.48:755][479]PacketHandlerLog: Loaded PacketHandler component: Engine.EngineHandlerComponentFactory (StatelessConnectHandlerComponent)
[2018.03.16-16.16.48:755][479]LogNet: GameNetDriver IpNetDriver_0 IpNetDriver listening on port 17777
[2018.03.16-16.16.48:756][479]PIE: Play in editor start time for /Game/ThirdPersonBP/Maps/UEDPIE_1_ThirdPersonExampleMap 0.37
[2018.03.16-16.16.48:757][479]PIE: New page: PIE session: ThirdPersonExampleMap (Mar 16, 2018, 8:16:48 AM)
[2018.03.16-16.16.48:761][479]LogInit: XAudio2 using 'Speakers (Realtek High Definition Audio)' : 2 channels at 48 kHz using 32 bits per sample (channel mask 0x3)
[2018.03.16-16.16.48:770][479]LogInit: FAudioDevice initialized.
[2018.03.16-16.16.48:813][479]LogNet: Browse: 127.0.0.1:17777//Game/ThirdPersonBP/Maps/ThirdPersonExampleMap
[2018.03.16-16.16.48:813][479]LogTemp: Display: ParseSettings for GameNetDriver
[2018.03.16-16.16.48:813][479]LogTemp: Display: ParseSettings for IpNetDriver_1
[2018.03.16-16.16.48:813][479]LogTemp: Display: ParseSettings for PendingNetDriver
[2018.03.16-16.16.48:813][479]LogInit: WinSock: Socket queue 32768 / 32768
[2018.03.16-16.16.48:814][479]PacketHandlerLog: Loaded PacketHandler component: Engine.EngineHandlerComponentFactory (StatelessConnectHandlerComponent)
[2018.03.16-16.16.48:814][479]LogNet: Game client on port 17777, rate 10000
[2018.03.16-16.16.48:817][479]PIE: Play in editor start time for /Game/ThirdPersonBP/Maps/ThirdPersonExampleMap 0.432
[2018.03.16-16.16.48:819][479]PIE: New page: PIE session: ThirdPersonExampleMap (Mar 16, 2018, 8:16:48 AM)
[2018.03.16-16.16.48:864][479]LogNet: Browse: 127.0.0.1:17777//Game/ThirdPersonBP/Maps/ThirdPersonExampleMap
[2018.03.16-16.16.48:864][479]LogTemp: Display: ParseSettings for GameNetDriver
[2018.03.16-16.16.48:864][479]LogTemp: Display: ParseSettings for IpNetDriver_2
[2018.03.16-16.16.48:864][479]LogTemp: Display: ParseSettings for PendingNetDriver
[2018.03.16-16.16.48:865][479]LogInit: WinSock: Socket queue 32768 / 32768
[2018.03.16-16.16.48:865][479]PacketHandlerLog: Loaded PacketHandler component: Engine.EngineHandlerComponentFactory (StatelessConnectHandlerComponent)
[2018.03.16-16.16.48:865][479]LogNet: Game client on port 17777, rate 10000
[2018.03.16-16.16.48:868][479]PIE: Play in editor start time for /Game/ThirdPersonBP/Maps/ThirdPersonExampleMap 0.482
[2018.03.16-16.16.48:876][479]LogBlueprintUserMessages: Late PlayInEditor Detection: Level '/Game/ThirdPersonBP/Maps/ThirdPersonExampleMap.ThirdPersonExampleMap:PersistentLevel' has LevelScriptBlueprint '/Game/ThirdPersonBP/Maps/ThirdPersonExampleMap.ThirdPersonExampleMap:PersistentLevel.ThirdPersonExampleMap' with GeneratedClass '/Game/ThirdPersonBP/Maps/ThirdPersonExampleMap.ThirdPersonExampleMap_C' with ClassGeneratedBy '/Game/ThirdPersonBP/Maps/ThirdPersonExampleMap.ThirdPersonExampleMap:PersistentLevel.ThirdPersonExampleMap'
[2018.03.16-16.16.48:877][479]LogNet: NotifyAcceptingConnection accepted from: 127.0.0.1:61539
[2018.03.16-16.16.48:877][479]LogHandshake: SendConnectChallenge. Timestamp: 0.008334, Cookie: 151249008145127126161222111024173073034123159206108006047019
[2018.03.16-16.16.48:877][479]LogNet: NotifyAcceptingConnection accepted from: 127.0.0.1:61540
[2018.03.16-16.16.48:877][479]LogHandshake: SendConnectChallenge. Timestamp: 0.008334, Cookie: 104005201006195015130125204151240158063097177046213198130047
[2018.03.16-16.16.48:902][479]LogHandshake: SendChallengeResponse. Timestamp: 0.008334, Cookie: 151249008145127126161222111024173073034123159206108006047019
[2018.03.16-16.16.48:903][479]LogHandshake: SendChallengeResponse. Timestamp: 0.008334, Cookie: 104005201006195015130125204151240158063097177046213198130047
[2018.03.16-16.16.48:989][480]LogNet: NotifyAcceptingConnection accepted from: 127.0.0.1:61539
[2018.03.16-16.16.48:989][480]LogHandshake: SendChallengeAck. InCookie: 151249008145127126161222111024173073034123159206108006047019
[2018.03.16-16.16.48:989][480]LogNet: Server accepting post-challenge connection from: 127.0.0.1:61539
[2018.03.16-16.16.48:990][480]PacketHandlerLog: Loaded PacketHandler component: Engine.EngineHandlerComponentFactory (StatelessConnectHandlerComponent)
[2018.03.16-16.16.48:990][480]LogNet: NotifyAcceptedConnection: Name: ThirdPersonExampleMap, TimeStamp: 03/16/18 12:16:48, [UNetConnection] RemoteAddr: 127.0.0.1:61539, Name: IpConnection_2, Driver: GameNetDriver IpNetDriver_0, IsServer: YES, PC: NULL, Owner: NULL
[2018.03.16-16.16.48:990][480]LogNet: AddClientConnection: Added client connection: [UNetConnection] RemoteAddr: 127.0.0.1:61539, Name: IpConnection_2, Driver: GameNetDriver IpNetDriver_0, IsServer: YES, PC: NULL, Owner: NULL
[2018.03.16-16.16.48:990][480]LogNet: NotifyAcceptingConnection accepted from: 127.0.0.1:61540
[2018.03.16-16.16.48:990][480]LogHandshake: SendChallengeAck. InCookie: 104005201006195015130125204151240158063097177046213198130047
[2018.03.16-16.16.48:990][480]LogNet: Server accepting post-challenge connection from: 127.0.0.1:61540
[2018.03.16-16.16.48:990][480]PacketHandlerLog: Loaded PacketHandler component: Engine.EngineHandlerComponentFactory (StatelessConnectHandlerComponent)
[2018.03.16-16.16.48:990][480]LogNet: NotifyAcceptedConnection: Name: ThirdPersonExampleMap, TimeStamp: 03/16/18 12:16:48, [UNetConnection] RemoteAddr: 127.0.0.1:61540, Name: IpConnection_3, Driver: GameNetDriver IpNetDriver_0, IsServer: YES, PC: NULL, Owner: NULL
[2018.03.16-16.16.48:990][480]LogNet: AddClientConnection: Added client connection: [UNetConnection] RemoteAddr: 127.0.0.1:61540, Name: IpConnection_3, Driver: GameNetDriver IpNetDriver_0, IsServer: YES, PC: NULL, Owner: NULL
[2018.03.16-16.16.48:990][480]LogNetVersion: MyGame 1.0.0.0, NetCL: 3709383, EngineNetVer: 2, GameNetVer: 0 (Checksum: 2429549563)
[2018.03.16-16.16.48:991][480]LogNet: UPendingNetGame::SendInitialJoin: Sending hello. [UNetConnection] RemoteAddr: 127.0.0.1:17777, Name: IpConnection_0, Driver: PendingNetDriver IpNetDriver_1, IsServer: NO, PC: NULL, Owner: NULL
[2018.03.16-16.16.48:991][480]LogNet: UPendingNetGame::SendInitialJoin: Sending hello. [UNetConnection] RemoteAddr: 127.0.0.1:17777, Name: IpConnection_1, Driver: PendingNetDriver IpNetDriver_2, IsServer: NO, PC: NULL, Owner: NULL
[2018.03.16-16.16.49:004][481]LogNet: NotifyAcceptingChannel Control 0 server World /Game/ThirdPersonBP/Maps/UEDPIE_1_ThirdPersonExampleMap.ThirdPersonExampleMap: Accepted
[2018.03.16-16.16.49:004][481]LogNet: Remote platform little endian=1
[2018.03.16-16.16.49:004][481]LogNet: This platform little endian=1
[2018.03.16-16.16.49:004][481]LogNet: NotifyAcceptingChannel Control 0 server World /Game/ThirdPersonBP/Maps/UEDPIE_1_ThirdPersonExampleMap.ThirdPersonExampleMap: Accepted
[2018.03.16-16.16.49:004][481]LogNet: Remote platform little endian=1
[2018.03.16-16.16.49:004][481]LogNet: This platform little endian=1
[2018.03.16-16.16.49:014][482]LogNet: Login request: /Game/ThirdPersonBP/Maps/ThirdPersonExampleMap userId: Invalid
[2018.03.16-16.16.49:014][482]LogNet: Login request: /Game/ThirdPersonBP/Maps/ThirdPersonExampleMap userId: Invalid
[2018.03.16-16.16.49:015][482]LogNet: Welcomed by server (Level: /Game/ThirdPersonBP/Maps/UEDPIE_1_ThirdPersonExampleMap, Game: /Game/ThirdPersonBP/Blueprints/ThirdPersonGameMode.ThirdPersonGameMode_C)
[2018.03.16-16.16.49:015][482]LogLoad: LoadMap: 127.0.0.1:17777//Game/ThirdPersonBP/Maps/UEDPIE_1_ThirdPersonExampleMap?game=/Game/ThirdPersonBP/Blueprints/ThirdPersonGameMode.ThirdPersonGameMode_C
[2018.03.16-16.16.49:048][482]LogAIModule: Creating AISystem for world ThirdPersonExampleMap
[2018.03.16-16.16.49:048][482]LogTemp: Display: ParseSettings for GameNetDriver
[2018.03.16-16.16.49:052][482]LogWorld: Bringing World /Game/ThirdPersonBP/Maps/UEDPIE_2_ThirdPersonExampleMap.ThirdPersonExampleMap up for play (max tick rate 0) at 2018.03.16-12.16.49
[2018.03.16-16.16.49:052][482]LogWorld: Bringing up level for play took: 0.003306
[2018.03.16-16.16.49:053][482]LogLoad: Took 0.037497 seconds to LoadMap(/Game/ThirdPersonBP/Maps/UEDPIE_1_ThirdPersonExampleMap)
[2018.03.16-16.16.49:053][482]LogNet: Welcomed by server (Level: /Game/ThirdPersonBP/Maps/UEDPIE_1_ThirdPersonExampleMap, Game: /Game/ThirdPersonBP/Blueprints/ThirdPersonGameMode.ThirdPersonGameMode_C)
[2018.03.16-16.16.49:066][482]LogLoad: LoadMap: 127.0.0.1:17777//Game/ThirdPersonBP/Maps/UEDPIE_1_ThirdPersonExampleMap?game=/Game/ThirdPersonBP/Blueprints/ThirdPersonGameMode.ThirdPersonGameMode_C
[2018.03.16-16.16.49:098][482]LogAIModule: Creating AISystem for world ThirdPersonExampleMap
[2018.03.16-16.16.49:099][482]LogTemp: Display: ParseSettings for GameNetDriver
[2018.03.16-16.16.49:102][482]LogWorld: Bringing World /Game/ThirdPersonBP/Maps/UEDPIE_3_ThirdPersonExampleMap.ThirdPersonExampleMap up for play (max tick rate 0) at 2018.03.16-12.16.49
[2018.03.16-16.16.49:102][482]LogWorld: Bringing up level for play took: 0.002248
[2018.03.16-16.16.49:103][482]LogLoad: Took 0.036300 seconds to LoadMap(/Game/ThirdPersonBP/Maps/UEDPIE_1_ThirdPersonExampleMap)
[2018.03.16-16.16.49:118][483]LogNet: Client netspeed is 10000
[2018.03.16-16.16.49:118][483]LogNet: Join request: /Game/ThirdPersonBP/Maps/ThirdPersonExampleMap?SplitscreenCount=1
[2018.03.16-16.16.49:120][483]LogNet: Join succeeded: 256
[2018.03.16-16.16.49:121][483]LogNet: Client netspeed is 10000
[2018.03.16-16.16.49:121][483]LogNet: Join request: /Game/ThirdPersonBP/Maps/ThirdPersonExampleMap?SplitscreenCount=1
[2018.03.16-16.16.49:122][483]LogNet: Join succeeded: 257
[2018.03.16-16.16.49:134][484]LogRenderer: Reallocating scene render targets to support 1280x720 Format 10 NumSamples 1 (Frame:1).
[2018.03.16-16.17.44:736][ 15]LogBlueprintUserMessages: Early EndPlayMap Detection: Level '/Game/ThirdPersonBP/Maps/ThirdPersonExampleMap.ThirdPersonExampleMap:PersistentLevel' has LevelScriptBlueprint '/Game/ThirdPersonBP/Maps/ThirdPersonExampleMap.ThirdPersonExampleMap:PersistentLevel.ThirdPersonExampleMap' with GeneratedClass '/Game/ThirdPersonBP/Maps/ThirdPersonExampleMap.ThirdPersonExampleMap_C' with ClassGeneratedBy '/Game/ThirdPersonBP/Maps/ThirdPersonExampleMap.ThirdPersonExampleMap:PersistentLevel.ThirdPersonExampleMap'
[2018.03.16-16.17.44:861][ 15]LogBlueprintUserMessages: Late EndPlayMap Detection: Level '/Game/ThirdPersonBP/Maps/ThirdPersonExampleMap.ThirdPersonExampleMap:PersistentLevel' has LevelScriptBlueprint '/Game/ThirdPersonBP/Maps/ThirdPersonExampleMap.ThirdPersonExampleMap:PersistentLevel.ThirdPersonExampleMap' with GeneratedClass '/Game/ThirdPersonBP/Maps/ThirdPersonExampleMap.ThirdPersonExampleMap_C' with ClassGeneratedBy '/Game/ThirdPersonBP/Maps/ThirdPersonExampleMap.ThirdPersonExampleMap:PersistentLevel.ThirdPersonExampleMap'
[2018.03.16-16.17.44:872][ 15]LogNet: UChannel::CleanUp: ChIndex == 0. Closing connection. [UChannel] ChIndex: 0, Closing: 0 [UNetConnection] RemoteAddr: 127.0.0.1:61540, Name: IpConnection_3, Driver: GameNetDriver IpNetDriver_0, IsServer: YES, PC: None, Owner: None
[2018.03.16-16.17.44:872][ 15]LogNet: UNetConnection::Close: [UNetConnection] RemoteAddr: 127.0.0.1:61540, Name: IpConnection_3, Driver: GameNetDriver IpNetDriver_0, IsServer: YES, PC: None, Owner: None, Channels: 2, Time: 2018.03.16-16.17.44
[2018.03.16-16.17.44:873][ 15]LogNet: UChannel::Close: Sending CloseBunch. ChIndex == 0. Name: [UChannel] ChIndex: 0, Closing: 0 [UNetConnection] RemoteAddr: 127.0.0.1:61540, Name: IpConnection_3, Driver: GameNetDriver IpNetDriver_0, IsServer: YES, PC: None, Owner: None
[2018.03.16-16.17.44:873][ 15]LogNet: UChannel::CleanUp: ChIndex == 0. Closing connection. [UChannel] ChIndex: 0, Closing: 0 [UNetConnection] RemoteAddr: 127.0.0.1:61539, Name: IpConnection_2, Driver: GameNetDriver IpNetDriver_0, IsServer: YES, PC: None, Owner: None
[2018.03.16-16.17.44:873][ 15]LogNet: UNetConnection::Close: [UNetConnection] RemoteAddr: 127.0.0.1:61539, Name: IpConnection_2, Driver: GameNetDriver IpNetDriver_0, IsServer: YES, PC: None, Owner: None, Channels: 2, Time: 2018.03.16-16.17.44
[2018.03.16-16.17.44:873][ 15]LogNet: UChannel::Close: Sending CloseBunch. ChIndex == 0. Name: [UChannel] ChIndex: 0, Closing: 0 [UNetConnection] RemoteAddr: 127.0.0.1:61539, Name: IpConnection_2, Driver: GameNetDriver IpNetDriver_0, IsServer: YES, PC: None, Owner: None
[2018.03.16-16.17.44:873][ 15]LogNet: UChannel::CleanUp: ChIndex == 0. Closing connection. [UChannel] ChIndex: 0, Closing: 0 [UNetConnection] RemoteAddr: 127.0.0.1:17777, Name: IpConnection_1, Driver: GameNetDriver IpNetDriver_2, IsServer: NO, PC: None, Owner: None
[2018.03.16-16.17.44:873][ 15]LogNet: UNetConnection::Close: [UNetConnection] RemoteAddr: 127.0.0.1:17777, Name: IpConnection_1, Driver: GameNetDriver IpNetDriver_2, IsServer: NO, PC: None, Owner: None, Channels: 2, Time: 2018.03.16-16.17.44
[2018.03.16-16.17.44:873][ 15]LogNet: UChannel::Close: Sending CloseBunch. ChIndex == 0. Name: [UChannel] ChIndex: 0, Closing: 0 [UNetConnection] RemoteAddr: 127.0.0.1:17777, Name: IpConnection_1, Driver: GameNetDriver IpNetDriver_2, IsServer: NO, PC: None, Owner: None
[2018.03.16-16.17.44:873][ 15]LogNet: UChannel::CleanUp: ChIndex == 0. Closing connection. [UChannel] ChIndex: 0, Closing: 0 [UNetConnection] RemoteAddr: 127.0.0.1:17777, Name: IpConnection_0, Driver: GameNetDriver IpNetDriver_1, IsServer: NO, PC: None, Owner: None
[2018.03.16-16.17.44:873][ 15]LogNet: UNetConnection::Close: [UNetConnection] RemoteAddr: 127.0.0.1:17777, Name: IpConnection_0, Driver: GameNetDriver IpNetDriver_1, IsServer: NO, PC: None, Owner: None, Channels: 2, Time: 2018.03.16-16.17.44
[2018.03.16-16.17.44:873][ 15]LogNet: UChannel::Close: Sending CloseBunch. ChIndex == 0. Name: [UChannel] ChIndex: 0, Closing: 0 [UNetConnection] RemoteAddr: 127.0.0.1:17777, Name: IpConnection_0, Driver: GameNetDriver IpNetDriver_1, IsServer: NO, PC: None, Owner: None
[2018.03.16-16.17.44:911][ 15]LogExit: GameNetDriver None shut down
[2018.03.16-16.17.44:911][ 15]LogExit: GameNetDriver None shut down
[2018.03.16-16.17.44:911][ 15]LogExit: GameNetDriver None shut down
[2018.03.16-16.17.50:698][653]LogEditorViewport: Clicking on Actor (LMB): StaticMeshActor (Linear_Stair_StaticMesh)
[2018.03.16-16.17.52:110][805]Cmd: DELETE
[2018.03.16-16.17.52:110][805]Cmd: ACTOR DELETE
[2018.03.16-16.17.52:114][805]LogEditorActor: Deleted Actor: StaticMeshActor
[2018.03.16-16.17.52:124][805]LogEditorActor: Deleted 1 Actors (0.014 secs)
[2018.03.16-16.17.53:523][972]LogEditorViewport: Clicking on Actor (LMB): StaticMeshActor (Floor)
[2018.03.16-16.17.54:654][100]LogEditorViewport: Clicking on Actor (context menu): StaticMeshActor (Floor)
[2018.03.16-16.18.04:404][235]LogSlate: Took 0.000140 seconds to synchronously load lazily loaded font '../../../Engine/Content/Slate/Fonts/Roboto-Light.ttf' (159K)
[2018.03.16-16.18.04:781][235]LogSavePackage: Save=337.20ms
[2018.03.16-16.18.04:781][235]LogSavePackage: Moving '../../../../../../Users/jonjo/Documents/GitHub/Game/Saved/ThirdPersonExampleMapEAD13D26432F4D693B1660B105C3776D.tmp' to '../../../../../../Users/jonjo/Documents/GitHub/Game/Content/ThirdPersonBP/Maps/ThirdPersonExampleMap.umap'
[2018.03.16-16.18.04:785][235]LogSavePackage: Display: Finished SavePackage ../../../../../../Users/jonjo/Documents/GitHub/Game/Content/ThirdPersonBP/Maps/ThirdPersonExampleMap.umap
[2018.03.16-16.18.05:146][235]LogSavePackage: Save=177.82ms
[2018.03.16-16.18.05:146][235]LogSavePackage: Moving '../../../../../../Users/jonjo/Documents/GitHub/Game/Saved/ThirdPersonExampleMap_BuiltDataE778E9B140B38F958E30C1B434268F4F.tmp' to '../../../../../../Users/jonjo/Documents/GitHub/Game/Content/ThirdPersonBP/Maps/ThirdPersonExampleMap_BuiltData.uasset'
[2018.03.16-16.18.05:147][235]LogSavePackage: Display: Finished SavePackage ../../../../../../Users/jonjo/Documents/GitHub/Game/Content/ThirdPersonBP/Maps/ThirdPersonExampleMap_BuiltData.uasset
[2018.03.16-16.21.34:900][728]LogSavePackage: Save=125.43ms
[2018.03.16-16.21.34:900][728]LogSavePackage: Moving '../../../../../../Users/jonjo/Documents/GitHub/Game/Saved/ThirdPersonExampleMap2A227CA441D7B13D66B505ADB72F174A.tmp' to '../../../../../../Users/jonjo/Documents/GitHub/Game/Content/ThirdPersonBP/Maps/ThirdPersonExampleMap.umap'
[2018.03.16-16.21.34:904][728]LogSavePackage: Display: Finished SavePackage ../../../../../../Users/jonjo/Documents/GitHub/Game/Content/ThirdPersonBP/Maps/ThirdPersonExampleMap.umap
[2018.03.16-16.21.35:218][728]LogSavePackage: Save=122.55ms
[2018.03.16-16.21.35:218][728]LogSavePackage: Moving '../../../../../../Users/jonjo/Documents/GitHub/Game/Saved/ThirdPersonExampleMap_BuiltDataCF0004554065F9A1185BBD8A13D0F587.tmp' to '../../../../../../Users/jonjo/Documents/GitHub/Game/Content/ThirdPersonBP/Maps/ThirdPersonExampleMap_BuiltData.uasset'
[2018.03.16-16.21.35:220][728]LogSavePackage: Display: Finished SavePackage ../../../../../../Users/jonjo/Documents/GitHub/Game/Content/ThirdPersonBP/Maps/ThirdPersonExampleMap_BuiltData.uasset
[2018.03.16-16.21.43:779][ 11]LogEditorViewport: Clicking on Actor (LMB): StaticMeshActor (Wall7)
